2022-10-14 13:51:14.571 [main] WARN  com.alibaba.cloud.nacos.client.NacosPropertySourceBuilder - Ignore the empty nacos configuration and get it based on dataId[design.yml] & group[DEFAULT_GROUP]
2022-10-14 13:51:14.624 [main] WARN  com.alibaba.cloud.nacos.client.NacosPropertySourceBuilder - Ignore the empty nacos configuration and get it based on dataId[design-dev.yml] & group[DEFAULT_GROUP]
2022-10-14 13:51:19.710 [main] WARN  org.mybatis.spring.mapper.ClassPathMapperScanner - No MyBatis mapper was found in '[com.ruoyi.module.**.mapper]' package. Please check your configuration.
2022-10-14 13:51:25.168 [main] WARN  org.springframework.boot.web.servlet.context.AnnotationConfigServletWebServerApplicationContext - Exception encountered during context initialization - cancelling refresh attempt: org.springframework.beans.factory.BeanCreationException: Error creating bean with name 'dictController': Injection of resource dependencies failed; nested exception is org.springframework.beans.factory.UnsatisfiedDependencyException: Error creating bean with name 'dictServiceImpl': Unsatisfied dependency expressed through field 'baseMapper'; nested exception is org.springframework.beans.factory.NoSuchBeanDefinitionException: No qualifying bean of type 'top.anets.modules.system.mapper.DictMapper' available: expected at least 1 bean which qualifies as autowire candidate. Dependency annotations: {@org.springframework.beans.factory.annotation.Autowired(required=true)}
2022-10-14 13:53:45.376 [main] WARN  com.alibaba.cloud.nacos.client.NacosPropertySourceBuilder - Ignore the empty nacos configuration and get it based on dataId[design.yml] & group[DEFAULT_GROUP]
2022-10-14 13:53:45.380 [main] WARN  com.alibaba.cloud.nacos.client.NacosPropertySourceBuilder - Ignore the empty nacos configuration and get it based on dataId[design-dev.yml] & group[DEFAULT_GROUP]
2022-10-14 13:53:48.596 [main] WARN  org.mybatis.spring.mapper.ClassPathMapperScanner - No MyBatis mapper was found in '[com.ruoyi.module.**.mapper]' package. Please check your configuration.
2022-10-14 13:53:54.292 [main] WARN  org.springframework.boot.web.servlet.context.AnnotationConfigServletWebServerApplicationContext - Exception encountered during context initialization - cancelling refresh attempt: org.springframework.beans.factory.BeanCreationException: Error creating bean with name 'dictController': Injection of resource dependencies failed; nested exception is org.springframework.beans.factory.UnsatisfiedDependencyException: Error creating bean with name 'dictServiceImpl': Unsatisfied dependency expressed through field 'baseMapper'; nested exception is org.springframework.beans.factory.NoSuchBeanDefinitionException: No qualifying bean of type 'top.anets.modules.system.mapper.DictMapper' available: expected at least 1 bean which qualifies as autowire candidate. Dependency annotations: {@org.springframework.beans.factory.annotation.Autowired(required=true)}
2022-10-14 13:55:00.055 [main] WARN  com.alibaba.cloud.nacos.client.NacosPropertySourceBuilder - Ignore the empty nacos configuration and get it based on dataId[design.yml] & group[DEFAULT_GROUP]
2022-10-14 13:55:00.059 [main] WARN  com.alibaba.cloud.nacos.client.NacosPropertySourceBuilder - Ignore the empty nacos configuration and get it based on dataId[design-dev.yml] & group[DEFAULT_GROUP]
2022-10-14 13:55:02.406 [main] WARN  org.mybatis.spring.mapper.ClassPathMapperScanner - No MyBatis mapper was found in '[com.ruoyi.module.**.mapper]' package. Please check your configuration.
2022-10-14 13:55:06.942 [main] WARN  org.springframework.boot.web.servlet.context.AnnotationConfigServletWebServerApplicationContext - Exception encountered during context initialization - cancelling refresh attempt: org.springframework.beans.factory.BeanCreationException: Error creating bean with name 'dictController': Injection of resource dependencies failed; nested exception is org.springframework.beans.factory.UnsatisfiedDependencyException: Error creating bean with name 'dictServiceImpl': Unsatisfied dependency expressed through field 'baseMapper'; nested exception is org.springframework.beans.factory.NoSuchBeanDefinitionException: No qualifying bean of type 'top.anets.modules.system.mapper.DictMapper' available: expected at least 1 bean which qualifies as autowire candidate. Dependency annotations: {@org.springframework.beans.factory.annotation.Autowired(required=true)}
2022-10-14 13:55:28.515 [main] WARN  com.alibaba.cloud.nacos.client.NacosPropertySourceBuilder - Ignore the empty nacos configuration and get it based on dataId[design.yml] & group[DEFAULT_GROUP]
2022-10-14 13:55:28.518 [main] WARN  com.alibaba.cloud.nacos.client.NacosPropertySourceBuilder - Ignore the empty nacos configuration and get it based on dataId[design-dev.yml] & group[DEFAULT_GROUP]
2022-10-14 13:55:30.502 [main] WARN  org.mybatis.spring.mapper.ClassPathMapperScanner - No MyBatis mapper was found in '[com.ruoyi.module.**.mapper]' package. Please check your configuration.
2022-10-14 13:55:34.648 [main] WARN  org.springframework.boot.web.servlet.context.AnnotationConfigServletWebServerApplicationContext - Exception encountered during context initialization - cancelling refresh attempt: org.springframework.beans.factory.BeanCreationException: Error creating bean with name 'dictController': Injection of resource dependencies failed; nested exception is org.springframework.beans.factory.UnsatisfiedDependencyException: Error creating bean with name 'dictServiceImpl': Unsatisfied dependency expressed through field 'baseMapper'; nested exception is org.springframework.beans.factory.NoSuchBeanDefinitionException: No qualifying bean of type 'top.anets.modules.system.mapper.DictMapper' available: expected at least 1 bean which qualifies as autowire candidate. Dependency annotations: {@org.springframework.beans.factory.annotation.Autowired(required=true)}
2022-10-14 13:56:49.796 [main] WARN  com.alibaba.cloud.nacos.client.NacosPropertySourceBuilder - Ignore the empty nacos configuration and get it based on dataId[design.yml] & group[DEFAULT_GROUP]
2022-10-14 13:56:49.800 [main] WARN  com.alibaba.cloud.nacos.client.NacosPropertySourceBuilder - Ignore the empty nacos configuration and get it based on dataId[design-dev.yml] & group[DEFAULT_GROUP]
2022-10-14 13:57:00.228 [main] WARN  com.netflix.config.sources.URLConfigurationSource - No URLs will be polled as dynamic configuration sources.
2022-10-14 13:57:00.239 [main] WARN  com.netflix.config.sources.URLConfigurationSource - No URLs will be polled as dynamic configuration sources.
2022-10-14 14:04:28.123 [main] WARN  com.alibaba.cloud.nacos.client.NacosPropertySourceBuilder - Ignore the empty nacos configuration and get it based on dataId[design.yml] & group[DEFAULT_GROUP]
2022-10-14 14:04:28.128 [main] WARN  com.alibaba.cloud.nacos.client.NacosPropertySourceBuilder - Ignore the empty nacos configuration and get it based on dataId[design-dev.yml] & group[DEFAULT_GROUP]
2022-10-14 14:04:38.479 [main] WARN  com.netflix.config.sources.URLConfigurationSource - No URLs will be polled as dynamic configuration sources.
2022-10-14 14:04:38.488 [main] WARN  com.netflix.config.sources.URLConfigurationSource - No URLs will be polled as dynamic configuration sources.
2022-10-14 14:07:57.670 [main] WARN  com.alibaba.cloud.nacos.client.NacosPropertySourceBuilder - Ignore the empty nacos configuration and get it based on dataId[design.yml] & group[DEFAULT_GROUP]
2022-10-14 14:07:57.673 [main] WARN  com.alibaba.cloud.nacos.client.NacosPropertySourceBuilder - Ignore the empty nacos configuration and get it based on dataId[design-dev.yml] & group[DEFAULT_GROUP]
2022-10-14 14:08:08.251 [main] WARN  com.netflix.config.sources.URLConfigurationSource - No URLs will be polled as dynamic configuration sources.
2022-10-14 14:08:08.260 [main] WARN  com.netflix.config.sources.URLConfigurationSource - No URLs will be polled as dynamic configuration sources.
2022-10-14 14:39:25.852 [AMQP Connection 127.0.0.1:5672] WARN  com.rabbitmq.client.impl.ForgivingExceptionHandler - An unexpected connection driver error occured (Exception message: Connection reset)
2022-10-14 14:39:25.873 [HikariPool-1 housekeeper] WARN  com.zaxxer.hikari.pool.HikariPool - HikariPool-1 - Thread starvation or clock leap detected (housekeeper delta=22m3s272ms961µs900ns).
2022-10-14 15:00:51.259 [HikariPool-1 housekeeper] WARN  com.zaxxer.hikari.pool.HikariPool - HikariPool-1 - Thread starvation or clock leap detected (housekeeper delta=3m43s732ms66µs700ns).
2022-10-14 15:00:51.261 [AMQP Connection 127.0.0.1:5672] WARN  com.rabbitmq.client.impl.ForgivingExceptionHandler - An unexpected connection driver error occured (Exception message: Connection reset)
2022-10-14 15:01:28.012 [main] WARN  com.alibaba.cloud.nacos.client.NacosPropertySourceBuilder - Ignore the empty nacos configuration and get it based on dataId[design.yml] & group[DEFAULT_GROUP]
2022-10-14 15:01:28.017 [main] WARN  com.alibaba.cloud.nacos.client.NacosPropertySourceBuilder - Ignore the empty nacos configuration and get it based on dataId[design-dev.yml] & group[DEFAULT_GROUP]
2022-10-14 15:01:43.906 [main] WARN  com.netflix.config.sources.URLConfigurationSource - No URLs will be polled as dynamic configuration sources.
2022-10-14 15:01:43.923 [main] WARN  com.netflix.config.sources.URLConfigurationSource - No URLs will be polled as dynamic configuration sources.
2022-10-14 15:05:17.337 [HikariPool-1 housekeeper] WARN  com.zaxxer.hikari.pool.HikariPool - HikariPool-1 - Thread starvation or clock leap detected (housekeeper delta=1m11s393ms925µs200ns).
2022-10-14 15:14:01.782 [HikariPool-1 housekeeper] WARN  com.zaxxer.hikari.pool.HikariPool - HikariPool-1 - Thread starvation or clock leap detected (housekeeper delta=45s523ms235µs600ns).
2022-10-14 15:15:26.811 [HikariPool-1 housekeeper] WARN  com.zaxxer.hikari.pool.HikariPool - HikariPool-1 - Thread starvation or clock leap detected (housekeeper delta=50s334ms876µs600ns).
2022-10-14 15:17:03.773 [main] WARN  com.alibaba.cloud.nacos.client.NacosPropertySourceBuilder - Ignore the empty nacos configuration and get it based on dataId[design.yml] & group[DEFAULT_GROUP]
2022-10-14 15:17:03.776 [main] WARN  com.alibaba.cloud.nacos.client.NacosPropertySourceBuilder - Ignore the empty nacos configuration and get it based on dataId[design-dev.yml] & group[DEFAULT_GROUP]
2022-10-14 15:17:13.743 [main] WARN  com.netflix.config.sources.URLConfigurationSource - No URLs will be polled as dynamic configuration sources.
2022-10-14 15:17:13.752 [main] WARN  com.netflix.config.sources.URLConfigurationSource - No URLs will be polled as dynamic configuration sources.
2022-10-14 15:19:31.043 [HikariPool-1 housekeeper] WARN  com.zaxxer.hikari.pool.HikariPool - HikariPool-1 - Thread starvation or clock leap detected (housekeeper delta=1m467ms546µs100ns).
2022-10-14 15:21:34.937 [main] WARN  com.alibaba.cloud.nacos.client.NacosPropertySourceBuilder - Ignore the empty nacos configuration and get it based on dataId[design.yml] & group[DEFAULT_GROUP]
2022-10-14 15:21:34.940 [main] WARN  com.alibaba.cloud.nacos.client.NacosPropertySourceBuilder - Ignore the empty nacos configuration and get it based on dataId[design-dev.yml] & group[DEFAULT_GROUP]
2022-10-14 15:21:45.539 [main] WARN  com.netflix.config.sources.URLConfigurationSource - No URLs will be polled as dynamic configuration sources.
2022-10-14 15:21:45.547 [main] WARN  com.netflix.config.sources.URLConfigurationSource - No URLs will be polled as dynamic configuration sources.
2022-10-14 15:24:34.365 [HikariPool-1 housekeeper] WARN  com.zaxxer.hikari.pool.HikariPool - HikariPool-1 - Thread starvation or clock leap detected (housekeeper delta=47s289ms701µs500ns).
2022-10-14 15:25:53.533 [HikariPool-1 housekeeper] WARN  com.zaxxer.hikari.pool.HikariPool - HikariPool-1 - Thread starvation or clock leap detected (housekeeper delta=48s658ms862µs600ns).
2022-10-14 15:27:50.782 [HikariPool-1 housekeeper] WARN  com.zaxxer.hikari.pool.HikariPool - HikariPool-1 - Thread starvation or clock leap detected (housekeeper delta=56s902ms816µs400ns).
2022-10-14 15:35:29.969 [main] WARN  com.alibaba.cloud.nacos.client.NacosPropertySourceBuilder - Ignore the empty nacos configuration and get it based on dataId[design.yml] & group[DEFAULT_GROUP]
2022-10-14 15:35:29.973 [main] WARN  com.alibaba.cloud.nacos.client.NacosPropertySourceBuilder - Ignore the empty nacos configuration and get it based on dataId[design-dev.yml] & group[DEFAULT_GROUP]
2022-10-14 15:35:40.549 [main] WARN  com.netflix.config.sources.URLConfigurationSource - No URLs will be polled as dynamic configuration sources.
2022-10-14 15:35:40.557 [main] WARN  com.netflix.config.sources.URLConfigurationSource - No URLs will be polled as dynamic configuration sources.
2022-10-14 16:08:52.152 [main] WARN  com.alibaba.cloud.nacos.client.NacosPropertySourceBuilder - Ignore the empty nacos configuration and get it based on dataId[design.yml] & group[DEFAULT_GROUP]
2022-10-14 16:08:52.156 [main] WARN  com.alibaba.cloud.nacos.client.NacosPropertySourceBuilder - Ignore the empty nacos configuration and get it based on dataId[design-dev.yml] & group[DEFAULT_GROUP]
2022-10-14 16:09:05.772 [main] WARN  com.netflix.config.sources.URLConfigurationSource - No URLs will be polled as dynamic configuration sources.
2022-10-14 16:09:05.780 [main] WARN  com.netflix.config.sources.URLConfigurationSource - No URLs will be polled as dynamic configuration sources.
2022-10-14 16:12:21.231 [main] WARN  com.alibaba.cloud.nacos.client.NacosPropertySourceBuilder - Ignore the empty nacos configuration and get it based on dataId[design.yml] & group[DEFAULT_GROUP]
2022-10-14 16:12:21.236 [main] WARN  com.alibaba.cloud.nacos.client.NacosPropertySourceBuilder - Ignore the empty nacos configuration and get it based on dataId[design-dev.yml] & group[DEFAULT_GROUP]
2022-10-14 16:12:31.616 [main] WARN  com.netflix.config.sources.URLConfigurationSource - No URLs will be polled as dynamic configuration sources.
2022-10-14 16:12:31.624 [main] WARN  com.netflix.config.sources.URLConfigurationSource - No URLs will be polled as dynamic configuration sources.
2022-10-14 16:24:27.562 [main] WARN  com.alibaba.cloud.nacos.client.NacosPropertySourceBuilder - Ignore the empty nacos configuration and get it based on dataId[design.yml] & group[DEFAULT_GROUP]
2022-10-14 16:24:27.569 [main] WARN  com.alibaba.cloud.nacos.client.NacosPropertySourceBuilder - Ignore the empty nacos configuration and get it based on dataId[design-dev.yml] & group[DEFAULT_GROUP]
2022-10-14 16:24:40.326 [main] WARN  com.netflix.config.sources.URLConfigurationSource - No URLs will be polled as dynamic configuration sources.
2022-10-14 16:24:40.336 [main] WARN  com.netflix.config.sources.URLConfigurationSource - No URLs will be polled as dynamic configuration sources.
2022-10-14 16:27:10.751 [main] WARN  com.alibaba.cloud.nacos.client.NacosPropertySourceBuilder - Ignore the empty nacos configuration and get it based on dataId[design.yml] & group[DEFAULT_GROUP]
2022-10-14 16:27:10.754 [main] WARN  com.alibaba.cloud.nacos.client.NacosPropertySourceBuilder - Ignore the empty nacos configuration and get it based on dataId[design-dev.yml] & group[DEFAULT_GROUP]
2022-10-14 16:27:21.779 [main] WARN  com.netflix.config.sources.URLConfigurationSource - No URLs will be polled as dynamic configuration sources.
2022-10-14 16:27:21.786 [main] WARN  com.netflix.config.sources.URLConfigurationSource - No URLs will be polled as dynamic configuration sources.
2022-10-14 16:40:17.811 [main] WARN  com.alibaba.cloud.nacos.client.NacosPropertySourceBuilder - Ignore the empty nacos configuration and get it based on dataId[design.yml] & group[DEFAULT_GROUP]
2022-10-14 16:40:17.814 [main] WARN  com.alibaba.cloud.nacos.client.NacosPropertySourceBuilder - Ignore the empty nacos configuration and get it based on dataId[design-dev.yml] & group[DEFAULT_GROUP]
2022-10-14 16:40:29.044 [main] WARN  com.netflix.config.sources.URLConfigurationSource - No URLs will be polled as dynamic configuration sources.
2022-10-14 16:40:29.052 [main] WARN  com.netflix.config.sources.URLConfigurationSource - No URLs will be polled as dynamic configuration sources.
2022-10-14 16:40:50.085 [http-nio-1398-exec-1] WARN  org.springframework.web.servlet.mvc.support.DefaultHandlerExceptionResolver - Resolved [org.springframework.http.converter.HttpMessageNotWritableException: Could not write JSON: top.anets.modules.system.entity.Dict cannot be cast to java.lang.String; nested exception is com.fasterxml.jackson.databind.JsonMappingException: top.anets.modules.system.entity.Dict cannot be cast to java.lang.String (through reference chain: com.baomidou.mybatisplus.extension.plugins.pagination.Page["records"]->java.util.LinkedList[0]->top.anets.modules.system.vo.SysMenuVo["associate"]->java.util.ArrayList[0])]
2022-10-14 16:40:59.789 [http-nio-1398-exec-2] WARN  org.springframework.web.servlet.mvc.support.DefaultHandlerExceptionResolver - Resolved [org.springframework.http.converter.HttpMessageNotWritableException: Could not write JSON: top.anets.modules.system.entity.Dict cannot be cast to java.lang.String; nested exception is com.fasterxml.jackson.databind.JsonMappingException: top.anets.modules.system.entity.Dict cannot be cast to java.lang.String (through reference chain: com.baomidou.mybatisplus.extension.plugins.pagination.Page["records"]->java.util.LinkedList[0]->top.anets.modules.system.vo.SysMenuVo["associate"]->java.util.ArrayList[0])]
2022-10-14 16:41:05.570 [http-nio-1398-exec-3] WARN  org.springframework.web.servlet.mvc.support.DefaultHandlerExceptionResolver - Resolved [org.springframework.http.converter.HttpMessageNotWritableException: Could not write JSON: top.anets.modules.system.entity.Dict cannot be cast to java.lang.String; nested exception is com.fasterxml.jackson.databind.JsonMappingException: top.anets.modules.system.entity.Dict cannot be cast to java.lang.String (through reference chain: com.baomidou.mybatisplus.extension.plugins.pagination.Page["records"]->java.util.LinkedList[0]->top.anets.modules.system.vo.SysMenuVo["associate"]->java.util.ArrayList[0])]
2022-10-14 16:41:16.067 [http-nio-1398-exec-4] WARN  org.springframework.web.servlet.mvc.support.DefaultHandlerExceptionResolver - Resolved [org.springframework.http.converter.HttpMessageNotWritableException: Could not write JSON: top.anets.modules.system.entity.Dict cannot be cast to java.lang.String; nested exception is com.fasterxml.jackson.databind.JsonMappingException: top.anets.modules.system.entity.Dict cannot be cast to java.lang.String (through reference chain: com.baomidou.mybatisplus.extension.plugins.pagination.Page["records"]->java.util.LinkedList[0]->top.anets.modules.system.vo.SysMenuVo["associate"]->java.util.ArrayList[0])]
2022-10-14 16:41:39.519 [http-nio-1398-exec-5] WARN  org.springframework.web.servlet.mvc.support.DefaultHandlerExceptionResolver - Resolved [org.springframework.http.converter.HttpMessageNotWritableException: Could not write JSON: top.anets.modules.system.entity.Dict cannot be cast to java.lang.String; nested exception is com.fasterxml.jackson.databind.JsonMappingException: top.anets.modules.system.entity.Dict cannot be cast to java.lang.String (through reference chain: com.baomidou.mybatisplus.extension.plugins.pagination.Page["records"]->java.util.LinkedList[0]->top.anets.modules.system.vo.SysMenuVo["associate"]->java.util.ArrayList[0])]
2022-10-14 16:42:31.382 [http-nio-1398-exec-6] WARN  org.springframework.web.servlet.mvc.support.DefaultHandlerExceptionResolver - Resolved [org.springframework.http.converter.HttpMessageNotWritableException: Could not write JSON: top.anets.modules.system.entity.Dict cannot be cast to java.lang.String; nested exception is com.fasterxml.jackson.databind.JsonMappingException: top.anets.modules.system.entity.Dict cannot be cast to java.lang.String (through reference chain: com.baomidou.mybatisplus.extension.plugins.pagination.Page["records"]->java.util.LinkedList[0]->top.anets.modules.system.vo.SysMenuVo["associate"]->java.util.ArrayList[0])]
2022-10-14 16:42:50.492 [http-nio-1398-exec-8] WARN  org.springframework.web.servlet.mvc.support.DefaultHandlerExceptionResolver - Resolved [org.springframework.http.converter.HttpMessageNotWritableException: Could not write JSON: top.anets.modules.system.entity.Dict cannot be cast to java.lang.String; nested exception is com.fasterxml.jackson.databind.JsonMappingException: top.anets.modules.system.entity.Dict cannot be cast to java.lang.String (through reference chain: com.baomidou.mybatisplus.extension.plugins.pagination.Page["records"]->java.util.LinkedList[0]->top.anets.modules.system.vo.SysMenuVo["associate"]->java.util.ArrayList[0])]
2022-10-14 16:43:18.168 [http-nio-1398-exec-7] WARN  org.springframework.web.servlet.mvc.support.DefaultHandlerExceptionResolver - Resolved [org.springframework.http.converter.HttpMessageNotWritableException: Could not write JSON: top.anets.modules.system.entity.Dict cannot be cast to java.lang.String; nested exception is com.fasterxml.jackson.databind.JsonMappingException: top.anets.modules.system.entity.Dict cannot be cast to java.lang.String (through reference chain: com.baomidou.mybatisplus.extension.plugins.pagination.Page["records"]->java.util.LinkedList[0]->top.anets.modules.system.vo.SysMenuVo["associate"]->java.util.ArrayList[0])]
2022-10-14 16:43:47.428 [main] WARN  com.alibaba.cloud.nacos.client.NacosPropertySourceBuilder - Ignore the empty nacos configuration and get it based on dataId[design.yml] & group[DEFAULT_GROUP]
2022-10-14 16:43:47.432 [main] WARN  com.alibaba.cloud.nacos.client.NacosPropertySourceBuilder - Ignore the empty nacos configuration and get it based on dataId[design-dev.yml] & group[DEFAULT_GROUP]
2022-10-14 16:43:57.488 [main] WARN  com.netflix.config.sources.URLConfigurationSource - No URLs will be polled as dynamic configuration sources.
2022-10-14 16:43:57.496 [main] WARN  com.netflix.config.sources.URLConfigurationSource - No URLs will be polled as dynamic configuration sources.
2022-10-14 16:44:42.016 [http-nio-1398-exec-1] WARN  org.springframework.web.servlet.mvc.support.DefaultHandlerExceptionResolver - Resolved [org.springframework.http.converter.HttpMessageNotWritableException: Could not write JSON: top.anets.modules.system.entity.Dict cannot be cast to java.lang.String; nested exception is com.fasterxml.jackson.databind.JsonMappingException: top.anets.modules.system.entity.Dict cannot be cast to java.lang.String (through reference chain: com.baomidou.mybatisplus.extension.plugins.pagination.Page["records"]->java.util.LinkedList[0]->top.anets.modules.system.vo.SysMenuVo["associate"]->java.util.ArrayList[0])]
2022-10-14 16:45:00.866 [http-nio-1398-exec-2] WARN  org.springframework.web.servlet.mvc.support.DefaultHandlerExceptionResolver - Resolved [org.springframework.http.converter.HttpMessageNotWritableException: Could not write JSON: top.anets.modules.system.entity.Dict cannot be cast to java.lang.String; nested exception is com.fasterxml.jackson.databind.JsonMappingException: top.anets.modules.system.entity.Dict cannot be cast to java.lang.String (through reference chain: com.baomidou.mybatisplus.extension.plugins.pagination.Page["records"]->java.util.LinkedList[0]->top.anets.modules.system.vo.SysMenuVo["associate"]->java.util.ArrayList[0])]
2022-10-14 16:45:06.929 [http-nio-1398-exec-3] WARN  org.springframework.web.servlet.mvc.support.DefaultHandlerExceptionResolver - Resolved [org.springframework.http.converter.HttpMessageNotWritableException: Could not write JSON: top.anets.modules.system.entity.Dict cannot be cast to java.lang.String; nested exception is com.fasterxml.jackson.databind.JsonMappingException: top.anets.modules.system.entity.Dict cannot be cast to java.lang.String (through reference chain: com.baomidou.mybatisplus.extension.plugins.pagination.Page["records"]->java.util.LinkedList[0]->top.anets.modules.system.vo.SysMenuVo["associate"]->java.util.ArrayList[0])]
2022-10-14 16:45:30.481 [http-nio-1398-exec-4] WARN  org.springframework.web.servlet.mvc.support.DefaultHandlerExceptionResolver - Resolved [org.springframework.http.converter.HttpMessageNotWritableException: Could not write JSON: top.anets.modules.system.entity.Dict cannot be cast to java.lang.String; nested exception is com.fasterxml.jackson.databind.JsonMappingException: top.anets.modules.system.entity.Dict cannot be cast to java.lang.String (through reference chain: com.baomidou.mybatisplus.extension.plugins.pagination.Page["records"]->java.util.LinkedList[0]->top.anets.modules.system.vo.SysMenuVo["associate"]->java.util.ArrayList[0])]
2022-10-14 16:50:43.651 [HikariPool-1 housekeeper] WARN  com.zaxxer.hikari.pool.HikariPool - HikariPool-1 - Thread starvation or clock leap detected (housekeeper delta=4m49s352ms106µs600ns).
2022-10-14 16:50:43.657 [AMQP Connection 127.0.0.1:5672] WARN  com.rabbitmq.client.impl.ForgivingExceptionHandler - An unexpected connection driver error occured (Exception message: Connection reset)
2022-10-14 16:50:43.658 [http-nio-1398-exec-5] WARN  org.springframework.web.servlet.mvc.support.DefaultHandlerExceptionResolver - Resolved [org.springframework.http.converter.HttpMessageNotWritableException: Could not write JSON: top.anets.modules.system.entity.Dict cannot be cast to java.lang.String; nested exception is com.fasterxml.jackson.databind.JsonMappingException: top.anets.modules.system.entity.Dict cannot be cast to java.lang.String (through reference chain: com.baomidou.mybatisplus.extension.plugins.pagination.Page["records"]->java.util.LinkedList[0]->top.anets.modules.system.vo.SysMenuVo["associate"]->java.util.ArrayList[0])]
2022-10-14 17:08:10.520 [main] WARN  com.alibaba.cloud.nacos.client.NacosPropertySourceBuilder - Ignore the empty nacos configuration and get it based on dataId[design.yml] & group[DEFAULT_GROUP]
2022-10-14 17:08:10.525 [main] WARN  com.alibaba.cloud.nacos.client.NacosPropertySourceBuilder - Ignore the empty nacos configuration and get it based on dataId[design-dev.yml] & group[DEFAULT_GROUP]
2022-10-14 17:08:26.238 [main] WARN  com.netflix.config.sources.URLConfigurationSource - No URLs will be polled as dynamic configuration sources.
2022-10-14 17:08:26.246 [main] WARN  com.netflix.config.sources.URLConfigurationSource - No URLs will be polled as dynamic configuration sources.
2022-10-14 17:10:25.748 [main] WARN  com.alibaba.cloud.nacos.client.NacosPropertySourceBuilder - Ignore the empty nacos configuration and get it based on dataId[design.yml] & group[DEFAULT_GROUP]
2022-10-14 17:10:25.751 [main] WARN  com.alibaba.cloud.nacos.client.NacosPropertySourceBuilder - Ignore the empty nacos configuration and get it based on dataId[design-dev.yml] & group[DEFAULT_GROUP]
2022-10-14 17:10:37.944 [main] WARN  com.netflix.config.sources.URLConfigurationSource - No URLs will be polled as dynamic configuration sources.
2022-10-14 17:10:37.958 [main] WARN  com.netflix.config.sources.URLConfigurationSource - No URLs will be polled as dynamic configuration sources.
2022-10-14 17:16:34.665 [main] WARN  com.alibaba.cloud.nacos.client.NacosPropertySourceBuilder - Ignore the empty nacos configuration and get it based on dataId[design.yml] & group[DEFAULT_GROUP]
2022-10-14 17:16:34.668 [main] WARN  com.alibaba.cloud.nacos.client.NacosPropertySourceBuilder - Ignore the empty nacos configuration and get it based on dataId[design-dev.yml] & group[DEFAULT_GROUP]
2022-10-14 17:16:50.454 [main] WARN  com.netflix.config.sources.URLConfigurationSource - No URLs will be polled as dynamic configuration sources.
2022-10-14 17:16:50.468 [main] WARN  com.netflix.config.sources.URLConfigurationSource - No URLs will be polled as dynamic configuration sources.
2022-10-14 17:29:46.677 [HikariPool-1 housekeeper] WARN  com.zaxxer.hikari.pool.HikariPool - HikariPool-1 - Thread starvation or clock leap detected (housekeeper delta=1m3s759ms75µs100ns).
2022-10-14 17:41:50.513 [main] WARN  com.alibaba.cloud.nacos.client.NacosPropertySourceBuilder - Ignore the empty nacos configuration and get it based on dataId[design.yml] & group[DEFAULT_GROUP]
2022-10-14 17:41:50.517 [main] WARN  com.alibaba.cloud.nacos.client.NacosPropertySourceBuilder - Ignore the empty nacos configuration and get it based on dataId[design-dev.yml] & group[DEFAULT_GROUP]
2022-10-14 17:42:03.204 [main] WARN  com.netflix.config.sources.URLConfigurationSource - No URLs will be polled as dynamic configuration sources.
2022-10-14 17:42:03.211 [main] WARN  com.netflix.config.sources.URLConfigurationSource - No URLs will be polled as dynamic configuration sources.
2022-10-14 17:49:44.266 [HikariPool-1 housekeeper] WARN  com.zaxxer.hikari.pool.HikariPool - HikariPool-1 - Thread starvation or clock leap detected (housekeeper delta=47s742ms450µs).
2022-10-14 17:50:12.574 [main] WARN  com.alibaba.cloud.nacos.client.NacosPropertySourceBuilder - Ignore the empty nacos configuration and get it based on dataId[design.yml] & group[DEFAULT_GROUP]
2022-10-14 17:50:12.578 [main] WARN  com.alibaba.cloud.nacos.client.NacosPropertySourceBuilder - Ignore the empty nacos configuration and get it based on dataId[design-dev.yml] & group[DEFAULT_GROUP]
2022-10-14 17:50:45.684 [main] WARN  com.alibaba.cloud.nacos.client.NacosPropertySourceBuilder - Ignore the empty nacos configuration and get it based on dataId[design.yml] & group[DEFAULT_GROUP]
2022-10-14 17:50:45.689 [main] WARN  com.alibaba.cloud.nacos.client.NacosPropertySourceBuilder - Ignore the empty nacos configuration and get it based on dataId[design-dev.yml] & group[DEFAULT_GROUP]
2022-10-14 17:50:55.819 [main] WARN  com.netflix.config.sources.URLConfigurationSource - No URLs will be polled as dynamic configuration sources.
2022-10-14 17:50:55.828 [main] WARN  com.netflix.config.sources.URLConfigurationSource - No URLs will be polled as dynamic configuration sources.
2022-10-14 17:55:22.065 [main] WARN  com.alibaba.cloud.nacos.client.NacosPropertySourceBuilder - Ignore the empty nacos configuration and get it based on dataId[design.yml] & group[DEFAULT_GROUP]
2022-10-14 17:55:22.068 [main] WARN  com.alibaba.cloud.nacos.client.NacosPropertySourceBuilder - Ignore the empty nacos configuration and get it based on dataId[design-dev.yml] & group[DEFAULT_GROUP]
2022-10-14 17:55:32.360 [main] WARN  com.netflix.config.sources.URLConfigurationSource - No URLs will be polled as dynamic configuration sources.
2022-10-14 17:55:32.368 [main] WARN  com.netflix.config.sources.URLConfigurationSource - No URLs will be polled as dynamic configuration sources.
2022-10-14 17:59:40.649 [HikariPool-1 housekeeper] WARN  com.zaxxer.hikari.pool.HikariPool - HikariPool-1 - Thread starvation or clock leap detected (housekeeper delta=1m51s202ms939µs500ns).
2022-10-14 17:59:40.689 [AMQP Connection 127.0.0.1:5672] WARN  com.rabbitmq.client.impl.ForgivingExceptionHandler - An unexpected connection driver error occured (Exception message: Connection reset)
2022-10-14 18:01:08.621 [main] WARN  com.alibaba.cloud.nacos.client.NacosPropertySourceBuilder - Ignore the empty nacos configuration and get it based on dataId[design.yml] & group[DEFAULT_GROUP]
2022-10-14 18:01:08.626 [main] WARN  com.alibaba.cloud.nacos.client.NacosPropertySourceBuilder - Ignore the empty nacos configuration and get it based on dataId[design-dev.yml] & group[DEFAULT_GROUP]
2022-10-14 18:01:22.871 [main] WARN  com.netflix.config.sources.URLConfigurationSource - No URLs will be polled as dynamic configuration sources.
2022-10-14 18:01:22.882 [main] WARN  com.netflix.config.sources.URLConfigurationSource - No URLs will be polled as dynamic configuration sources.
2022-10-14 18:03:22.171 [HikariPool-1 housekeeper] WARN  com.zaxxer.hikari.pool.HikariPool - HikariPool-1 - Thread starvation or clock leap detected (housekeeper delta=1m93ms63µs800ns).
2022-10-14 18:04:17.796 [HikariPool-1 housekeeper] WARN  com.zaxxer.hikari.pool.HikariPool - HikariPool-1 - Thread starvation or clock leap detected (housekeeper delta=55s627ms88µs600ns).
2022-10-14 18:06:39.020 [HikariPool-1 housekeeper] WARN  com.zaxxer.hikari.pool.HikariPool - HikariPool-1 - Thread starvation or clock leap detected (housekeeper delta=2m21s224ms643µs1ns).
2022-10-14 18:06:39.028 [AMQP Connection 127.0.0.1:5672] WARN  com.rabbitmq.client.impl.ForgivingExceptionHandler - An unexpected connection driver error occured (Exception message: Connection reset)
2022-10-14 18:07:10.284 [main] WARN  com.alibaba.cloud.nacos.client.NacosPropertySourceBuilder - Ignore the empty nacos configuration and get it based on dataId[design.yml] & group[DEFAULT_GROUP]
2022-10-14 18:07:10.290 [main] WARN  com.alibaba.cloud.nacos.client.NacosPropertySourceBuilder - Ignore the empty nacos configuration and get it based on dataId[design-dev.yml] & group[DEFAULT_GROUP]
2022-10-14 18:07:21.978 [main] WARN  com.netflix.config.sources.URLConfigurationSource - No URLs will be polled as dynamic configuration sources.
2022-10-14 18:07:21.987 [main] WARN  com.netflix.config.sources.URLConfigurationSource - No URLs will be polled as dynamic configuration sources.
2022-10-14 18:09:51.283 [main] WARN  com.alibaba.cloud.nacos.client.NacosPropertySourceBuilder - Ignore the empty nacos configuration and get it based on dataId[design.yml] & group[DEFAULT_GROUP]
2022-10-14 18:09:51.288 [main] WARN  com.alibaba.cloud.nacos.client.NacosPropertySourceBuilder - Ignore the empty nacos configuration and get it based on dataId[design-dev.yml] & group[DEFAULT_GROUP]
2022-10-14 18:10:01.930 [main] WARN  com.netflix.config.sources.URLConfigurationSource - No URLs will be polled as dynamic configuration sources.
2022-10-14 18:10:01.947 [main] WARN  com.netflix.config.sources.URLConfigurationSource - No URLs will be polled as dynamic configuration sources.
2022-10-14 18:10:31.841 [http-nio-1398-exec-1] WARN  org.springframework.web.servlet.mvc.support.DefaultHandlerExceptionResolver - Resolved [org.springframework.http.converter.HttpMessageNotWritableException: Could not write JSON: top.anets.modules.system.entity.Dict cannot be cast to java.lang.String; nested exception is com.fasterxml.jackson.databind.JsonMappingException: top.anets.modules.system.entity.Dict cannot be cast to java.lang.String (through reference chain: com.baomidou.mybatisplus.extension.plugins.pagination.Page["records"]->java.util.LinkedList[0]->top.anets.modules.system.vo.SysMenuVo["associate"]->java.util.ArrayList[0])]
2022-10-14 18:10:56.132 [http-nio-1398-exec-2] WARN  org.springframework.web.servlet.mvc.support.DefaultHandlerExceptionResolver - Resolved [org.springframework.http.converter.HttpMessageNotWritableException: Could not write JSON: top.anets.modules.system.entity.Dict cannot be cast to java.lang.String; nested exception is com.fasterxml.jackson.databind.JsonMappingException: top.anets.modules.system.entity.Dict cannot be cast to java.lang.String (through reference chain: com.baomidou.mybatisplus.extension.plugins.pagination.Page["records"]->java.util.LinkedList[0]->top.anets.modules.system.vo.SysMenuVo["associate"]->java.util.ArrayList[0])]
2022-10-14 18:16:28.083 [main] WARN  com.alibaba.cloud.nacos.client.NacosPropertySourceBuilder - Ignore the empty nacos configuration and get it based on dataId[design.yml] & group[DEFAULT_GROUP]
2022-10-14 18:16:28.088 [main] WARN  com.alibaba.cloud.nacos.client.NacosPropertySourceBuilder - Ignore the empty nacos configuration and get it based on dataId[design-dev.yml] & group[DEFAULT_GROUP]
2022-10-14 18:16:38.703 [main] WARN  com.netflix.config.sources.URLConfigurationSource - No URLs will be polled as dynamic configuration sources.
2022-10-14 18:16:38.711 [main] WARN  com.netflix.config.sources.URLConfigurationSource - No URLs will be polled as dynamic configuration sources.
2022-10-14 18:19:23.167 [HikariPool-1 housekeeper] WARN  com.zaxxer.hikari.pool.HikariPool - HikariPool-1 - Thread starvation or clock leap detected (housekeeper delta=2m10s955ms925µs699ns).
2022-10-14 18:19:47.852 [main] WARN  com.alibaba.cloud.nacos.client.NacosPropertySourceBuilder - Ignore the empty nacos configuration and get it based on dataId[design.yml] & group[DEFAULT_GROUP]
2022-10-14 18:19:47.856 [main] WARN  com.alibaba.cloud.nacos.client.NacosPropertySourceBuilder - Ignore the empty nacos configuration and get it based on dataId[design-dev.yml] & group[DEFAULT_GROUP]
2022-10-14 18:19:58.064 [main] WARN  com.netflix.config.sources.URLConfigurationSource - No URLs will be polled as dynamic configuration sources.
2022-10-14 18:19:58.073 [main] WARN  com.netflix.config.sources.URLConfigurationSource - No URLs will be polled as dynamic configuration sources.
2022-10-14 18:20:31.423 [http-nio-1398-exec-1] WARN  org.springframework.web.servlet.mvc.support.DefaultHandlerExceptionResolver - Resolved [org.springframework.http.converter.HttpMessageNotWritableException: Could not write JSON: top.anets.modules.system.entity.Dict cannot be cast to java.lang.String; nested exception is com.fasterxml.jackson.databind.JsonMappingException: top.anets.modules.system.entity.Dict cannot be cast to java.lang.String (through reference chain: com.baomidou.mybatisplus.extension.plugins.pagination.Page["records"]->java.util.LinkedList[0]->top.anets.modules.system.vo.SysMenuVo["associate"]->java.util.ArrayList[0])]
2022-10-14 18:20:31.423 [http-nio-1398-exec-2] WARN  org.springframework.web.servlet.mvc.support.DefaultHandlerExceptionResolver - Resolved [org.springframework.http.converter.HttpMessageNotWritableException: Could not write JSON: top.anets.modules.system.entity.Dict cannot be cast to java.lang.String; nested exception is com.fasterxml.jackson.databind.JsonMappingException: top.anets.modules.system.entity.Dict cannot be cast to java.lang.String (through reference chain: com.baomidou.mybatisplus.extension.plugins.pagination.Page["records"]->java.util.LinkedList[0]->top.anets.modules.system.vo.SysMenuVo["associate"]->java.util.ArrayList[0])]
2022-10-14 18:30:05.085 [HikariPool-1 housekeeper] WARN  com.zaxxer.hikari.pool.HikariPool - HikariPool-1 - Thread starvation or clock leap detected (housekeeper delta=7m11s334ms635µs).
2022-10-14 18:30:05.094 [AMQP Connection 127.0.0.1:5672] WARN  com.rabbitmq.client.impl.ForgivingExceptionHandler - An unexpected connection driver error occured (Exception message: Connection reset)
2022-10-14 18:30:05.106 [http-nio-1398-exec-4] WARN  org.springframework.web.servlet.mvc.support.DefaultHandlerExceptionResolver - Resolved [org.springframework.http.converter.HttpMessageNotWritableException: Could not write JSON: top.anets.modules.system.entity.Dict cannot be cast to java.lang.String; nested exception is com.fasterxml.jackson.databind.JsonMappingException: top.anets.modules.system.entity.Dict cannot be cast to java.lang.String (through reference chain: com.baomidou.mybatisplus.extension.plugins.pagination.Page["records"]->java.util.LinkedList[0]->top.anets.modules.system.vo.SysMenuVo["associate"]->java.util.ArrayList[0])]
2022-10-14 18:30:09.810 [http-nio-1398-exec-6] WARN  org.springframework.web.servlet.mvc.support.DefaultHandlerExceptionResolver - Resolved [org.springframework.http.converter.HttpMessageNotWritableException: Could not write JSON: top.anets.modules.system.entity.Dict cannot be cast to java.lang.String; nested exception is com.fasterxml.jackson.databind.JsonMappingException: top.anets.modules.system.entity.Dict cannot be cast to java.lang.String (through reference chain: com.baomidou.mybatisplus.extension.plugins.pagination.Page["records"]->java.util.LinkedList[0]->top.anets.modules.system.vo.SysMenuVo["associate"]->java.util.ArrayList[0])]
2022-10-14 18:30:20.214 [http-nio-1398-exec-7] WARN  org.springframework.web.servlet.mvc.support.DefaultHandlerExceptionResolver - Resolved [org.springframework.http.converter.HttpMessageNotWritableException: Could not write JSON: top.anets.modules.system.entity.Dict cannot be cast to java.lang.String; nested exception is com.fasterxml.jackson.databind.JsonMappingException: top.anets.modules.system.entity.Dict cannot be cast to java.lang.String (through reference chain: com.baomidou.mybatisplus.extension.plugins.pagination.Page["records"]->java.util.LinkedList[0]->top.anets.modules.system.vo.SysMenuVo["associate"]->java.util.ArrayList[0])]
2022-10-14 18:30:47.103 [main] WARN  com.alibaba.cloud.nacos.client.NacosPropertySourceBuilder - Ignore the empty nacos configuration and get it based on dataId[design.yml] & group[DEFAULT_GROUP]
2022-10-14 18:30:47.107 [main] WARN  com.alibaba.cloud.nacos.client.NacosPropertySourceBuilder - Ignore the empty nacos configuration and get it based on dataId[design-dev.yml] & group[DEFAULT_GROUP]
2022-10-14 18:30:57.667 [main] WARN  com.netflix.config.sources.URLConfigurationSource - No URLs will be polled as dynamic configuration sources.
2022-10-14 18:30:57.676 [main] WARN  com.netflix.config.sources.URLConfigurationSource - No URLs will be polled as dynamic configuration sources.
2022-10-14 18:36:55.627 [main] WARN  com.alibaba.cloud.nacos.client.NacosPropertySourceBuilder - Ignore the empty nacos configuration and get it based on dataId[design.yml] & group[DEFAULT_GROUP]
2022-10-14 18:36:55.630 [main] WARN  com.alibaba.cloud.nacos.client.NacosPropertySourceBuilder - Ignore the empty nacos configuration and get it based on dataId[design-dev.yml] & group[DEFAULT_GROUP]
2022-10-14 18:37:05.913 [main] WARN  com.netflix.config.sources.URLConfigurationSource - No URLs will be polled as dynamic configuration sources.
2022-10-14 18:37:05.929 [main] WARN  com.netflix.config.sources.URLConfigurationSource - No URLs will be polled as dynamic configuration sources.
2022-10-14 18:42:43.300 [main] WARN  com.alibaba.cloud.nacos.client.NacosPropertySourceBuilder - Ignore the empty nacos configuration and get it based on dataId[design.yml] & group[DEFAULT_GROUP]
2022-10-14 18:42:43.305 [main] WARN  com.alibaba.cloud.nacos.client.NacosPropertySourceBuilder - Ignore the empty nacos configuration and get it based on dataId[design-dev.yml] & group[DEFAULT_GROUP]
2022-10-14 18:42:57.581 [main] WARN  com.netflix.config.sources.URLConfigurationSource - No URLs will be polled as dynamic configuration sources.
2022-10-14 18:42:57.592 [main] WARN  com.netflix.config.sources.URLConfigurationSource - No URLs will be polled as dynamic configuration sources.
2022-10-14 18:44:50.700 [main] WARN  com.alibaba.cloud.nacos.client.NacosPropertySourceBuilder - Ignore the empty nacos configuration and get it based on dataId[design.yml] & group[DEFAULT_GROUP]
2022-10-14 18:44:50.704 [main] WARN  com.alibaba.cloud.nacos.client.NacosPropertySourceBuilder - Ignore the empty nacos configuration and get it based on dataId[design-dev.yml] & group[DEFAULT_GROUP]
2022-10-14 18:45:02.156 [main] WARN  com.netflix.config.sources.URLConfigurationSource - No URLs will be polled as dynamic configuration sources.
2022-10-14 18:45:02.175 [main] WARN  com.netflix.config.sources.URLConfigurationSource - No URLs will be polled as dynamic configuration sources.
2022-10-14 18:51:29.111 [main] WARN  com.alibaba.cloud.nacos.client.NacosPropertySourceBuilder - Ignore the empty nacos configuration and get it based on dataId[design.yml] & group[DEFAULT_GROUP]
2022-10-14 18:51:29.116 [main] WARN  com.alibaba.cloud.nacos.client.NacosPropertySourceBuilder - Ignore the empty nacos configuration and get it based on dataId[design-dev.yml] & group[DEFAULT_GROUP]
2022-10-14 18:51:41.014 [main] WARN  com.netflix.config.sources.URLConfigurationSource - No URLs will be polled as dynamic configuration sources.
2022-10-14 18:51:41.024 [main] WARN  com.netflix.config.sources.URLConfigurationSource - No URLs will be polled as dynamic configuration sources.
2022-10-14 18:54:48.660 [main] WARN  com.alibaba.cloud.nacos.client.NacosPropertySourceBuilder - Ignore the empty nacos configuration and get it based on dataId[design.yml] & group[DEFAULT_GROUP]
2022-10-14 18:54:48.664 [main] WARN  com.alibaba.cloud.nacos.client.NacosPropertySourceBuilder - Ignore the empty nacos configuration and get it based on dataId[design-dev.yml] & group[DEFAULT_GROUP]
2022-10-14 18:54:58.675 [main] WARN  com.netflix.config.sources.URLConfigurationSource - No URLs will be polled as dynamic configuration sources.
2022-10-14 18:54:58.683 [main] WARN  com.netflix.config.sources.URLConfigurationSource - No URLs will be polled as dynamic configuration sources.
2022-10-14 18:56:05.675 [main] WARN  com.alibaba.cloud.nacos.client.NacosPropertySourceBuilder - Ignore the empty nacos configuration and get it based on dataId[design.yml] & group[DEFAULT_GROUP]
2022-10-14 18:56:05.714 [main] WARN  com.alibaba.cloud.nacos.client.NacosPropertySourceBuilder - Ignore the empty nacos configuration and get it based on dataId[design-dev.yml] & group[DEFAULT_GROUP]
2022-10-14 18:56:16.055 [main] WARN  com.netflix.config.sources.URLConfigurationSource - No URLs will be polled as dynamic configuration sources.
2022-10-14 18:56:16.066 [main] WARN  com.netflix.config.sources.URLConfigurationSource - No URLs will be polled as dynamic configuration sources.
2022-10-14 18:57:35.138 [main] WARN  com.alibaba.cloud.nacos.client.NacosPropertySourceBuilder - Ignore the empty nacos configuration and get it based on dataId[design.yml] & group[DEFAULT_GROUP]
2022-10-14 18:57:35.142 [main] WARN  com.alibaba.cloud.nacos.client.NacosPropertySourceBuilder - Ignore the empty nacos configuration and get it based on dataId[design-dev.yml] & group[DEFAULT_GROUP]
2022-10-14 18:57:45.727 [main] WARN  com.netflix.config.sources.URLConfigurationSource - No URLs will be polled as dynamic configuration sources.
2022-10-14 18:57:45.734 [main] WARN  com.netflix.config.sources.URLConfigurationSource - No URLs will be polled as dynamic configuration sources.
2022-10-14 19:00:50.901 [HikariPool-1 housekeeper] WARN  com.zaxxer.hikari.pool.HikariPool - HikariPool-1 - Thread starvation or clock leap detected (housekeeper delta=1m44s752ms853µs899ns).
2022-10-14 19:01:14.363 [main] WARN  com.alibaba.cloud.nacos.client.NacosPropertySourceBuilder - Ignore the empty nacos configuration and get it based on dataId[design.yml] & group[DEFAULT_GROUP]
2022-10-14 19:01:14.369 [main] WARN  com.alibaba.cloud.nacos.client.NacosPropertySourceBuilder - Ignore the empty nacos configuration and get it based on dataId[design-dev.yml] & group[DEFAULT_GROUP]
2022-10-14 19:01:30.670 [main] WARN  com.netflix.config.sources.URLConfigurationSource - No URLs will be polled as dynamic configuration sources.
2022-10-14 19:01:30.681 [main] WARN  com.netflix.config.sources.URLConfigurationSource - No URLs will be polled as dynamic configuration sources.
2022-10-14 19:02:40.971 [HikariPool-1 housekeeper] WARN  com.zaxxer.hikari.pool.HikariPool - HikariPool-1 - Thread starvation or clock leap detected (housekeeper delta=48s894ms159µs899ns).
2022-10-14 19:03:30.852 [HikariPool-1 housekeeper] WARN  com.zaxxer.hikari.pool.HikariPool - HikariPool-1 - Thread starvation or clock leap detected (housekeeper delta=49s881ms6µs700ns).
2022-10-14 19:04:27.309 [HikariPool-1 housekeeper] WARN  com.zaxxer.hikari.pool.HikariPool - HikariPool-1 - Thread starvation or clock leap detected (housekeeper delta=56s457ms26µs201ns).
2022-10-14 19:05:04.822 [main] WARN  com.alibaba.cloud.nacos.client.NacosPropertySourceBuilder - Ignore the empty nacos configuration and get it based on dataId[design.yml] & group[DEFAULT_GROUP]
2022-10-14 19:05:04.826 [main] WARN  com.alibaba.cloud.nacos.client.NacosPropertySourceBuilder - Ignore the empty nacos configuration and get it based on dataId[design-dev.yml] & group[DEFAULT_GROUP]
2022-10-14 19:05:15.486 [main] WARN  com.netflix.config.sources.URLConfigurationSource - No URLs will be polled as dynamic configuration sources.
2022-10-14 19:05:15.494 [main] WARN  com.netflix.config.sources.URLConfigurationSource - No URLs will be polled as dynamic configuration sources.
2022-10-14 19:09:50.454 [main] WARN  com.alibaba.cloud.nacos.client.NacosPropertySourceBuilder - Ignore the empty nacos configuration and get it based on dataId[design.yml] & group[DEFAULT_GROUP]
2022-10-14 19:09:50.457 [main] WARN  com.alibaba.cloud.nacos.client.NacosPropertySourceBuilder - Ignore the empty nacos configuration and get it based on dataId[design-dev.yml] & group[DEFAULT_GROUP]
2022-10-14 19:10:00.920 [main] WARN  com.netflix.config.sources.URLConfigurationSource - No URLs will be polled as dynamic configuration sources.
2022-10-14 19:10:00.928 [main] WARN  com.netflix.config.sources.URLConfigurationSource - No URLs will be polled as dynamic configuration sources.
