2022-10-12 09:23:42.626 [main] WARN  org.mybatis.spring.mapper.ClassPathMapperScanner - No MyBatis mapper was found in '[com.ruoyi.module.**.mapper]' package. Please check your configuration.
2022-10-12 09:23:52.554 [main] WARN  org.springframework.boot.web.servlet.context.AnnotationConfigServletWebServerApplicationContext - Exception encountered during context initialization - cancelling refresh attempt: org.springframework.beans.factory.BeanCreationException: Error creating bean with name 'monitorService': Injection of autowired dependencies failed; nested exception is java.lang.IllegalArgumentException: Could not resolve placeholder 'schedule.monitor-server.cron' in value "${schedule.monitor-server.cron}"
2022-10-12 09:28:13.582 [main] WARN  org.mybatis.spring.mapper.ClassPathMapperScanner - No MyBatis mapper was found in '[com.ruoyi.module.**.mapper]' package. Please check your configuration.
2022-10-12 09:28:24.209 [main] WARN  org.springframework.boot.web.servlet.context.AnnotationConfigServletWebServerApplicationContext - Exception encountered during context initialization - cancelling refresh attempt: org.springframework.beans.factory.BeanCreationException: Error creating bean with name 'monitorService': Injection of autowired dependencies failed; nested exception is java.lang.IllegalArgumentException: Could not resolve placeholder 'schedule.monitor-server.cron' in value "${schedule.monitor-server.cron}"
2022-10-12 09:33:00.264 [main] WARN  org.springframework.context.annotation.AnnotationConfigApplicationContext - Exception encountered during context initialization - cancelling refresh attempt: org.springframework.beans.factory.BeanCreationException: Error creating bean with name 'configurationPropertiesBeans' defined in class path resource [org/springframework/cloud/autoconfigure/ConfigurationPropertiesRebinderAutoConfiguration.class]: Post-processing of merged bean definition failed; nested exception is java.lang.IllegalStateException: Failed to introspect Class [org.springframework.cloud.context.properties.ConfigurationPropertiesBeans] from ClassLoader [sun.misc.Launcher$AppClassLoader@18b4aac2]
2022-10-12 09:34:53.406 [main] WARN  org.mybatis.spring.mapper.ClassPathMapperScanner - No MyBatis mapper was found in '[com.ruoyi.module.**.mapper]' package. Please check your configuration.
2022-10-12 09:35:02.226 [main] WARN  org.springframework.boot.web.servlet.context.AnnotationConfigServletWebServerApplicationContext - Exception encountered during context initialization - cancelling refresh attempt: org.springframework.beans.factory.BeanCreationException: Error creating bean with name 'monitorService': Injection of autowired dependencies failed; nested exception is java.lang.IllegalArgumentException: Could not resolve placeholder 'schedule.monitor-server.cron' in value "${schedule.monitor-server.cron}"
2022-10-12 09:43:37.533 [main] WARN  org.springframework.context.annotation.AnnotationConfigApplicationContext - Exception encountered during context initialization - cancelling refresh attempt: org.springframework.beans.factory.BeanCreationException: Error creating bean with name 'configurationPropertiesBeans' defined in org.springframework.cloud.autoconfigure.ConfigurationPropertiesRebinderAutoConfiguration: Bean instantiation via factory method failed; nested exception is org.springframework.beans.BeanInstantiationException: Failed to instantiate [org.springframework.cloud.context.properties.ConfigurationPropertiesBeans]: Factory method 'configurationPropertiesBeans' threw exception; nested exception is java.lang.NoClassDefFoundError: org/springframework/boot/context/properties/ConfigurationBeanFactoryMetadata
2022-10-12 09:53:31.100 [main] WARN  com.alibaba.cloud.nacos.client.NacosPropertySourceBuilder - Ignore the empty nacos configuration and get it based on dataId[design.yml] & group[DEFAULT_GROUP]
2022-10-12 09:53:31.104 [main] WARN  com.alibaba.cloud.nacos.client.NacosPropertySourceBuilder - Ignore the empty nacos configuration and get it based on dataId[design-dev.yml] & group[DEFAULT_GROUP]
2022-10-12 09:53:38.240 [main] WARN  org.mybatis.spring.mapper.ClassPathMapperScanner - No MyBatis mapper was found in '[com.ruoyi.module.**.mapper]' package. Please check your configuration.
2022-10-12 09:53:46.696 [main] WARN  org.springframework.boot.web.servlet.context.AnnotationConfigServletWebServerApplicationContext - Exception encountered during context initialization - cancelling refresh attempt: org.springframework.beans.factory.UnsatisfiedDependencyException: Error creating bean with name 'requestLimitAop': Unsatisfied dependency expressed through field 'redisTemplate'; nested exception is org.springframework.beans.factory.UnsatisfiedDependencyException: Error creating bean with name 'stringRedisTemplate' defined in class path resource [org/springframework/boot/autoconfigure/data/redis/RedisAutoConfiguration.class]: Unsatisfied dependency expressed through method 'stringRedisTemplate' parameter 0; nested exception is org.springframework.beans.factory.BeanCreationException: Error creating bean with name 'redisConnectionFactory' defined in class path resource [org/springframework/boot/autoconfigure/data/redis/LettuceConnectionConfiguration.class]: Bean instantiation via factory method failed; nested exception is org.springframework.beans.BeanInstantiationException: Failed to instantiate [org.springframework.data.redis.connection.lettuce.LettuceConnectionFactory]: Factory method 'redisConnectionFactory' threw exception; nested exception is java.lang.NoClassDefFoundError: org/apache/commons/pool2/impl/GenericObjectPoolConfig
2022-10-12 10:09:18.699 [main] WARN  com.alibaba.cloud.nacos.client.NacosPropertySourceBuilder - Ignore the empty nacos configuration and get it based on dataId[design.yml] & group[DEFAULT_GROUP]
2022-10-12 10:09:18.704 [main] WARN  com.alibaba.cloud.nacos.client.NacosPropertySourceBuilder - Ignore the empty nacos configuration and get it based on dataId[design-dev.yml] & group[DEFAULT_GROUP]
2022-10-12 10:09:25.470 [main] WARN  org.mybatis.spring.mapper.ClassPathMapperScanner - No MyBatis mapper was found in '[com.ruoyi.module.**.mapper]' package. Please check your configuration.
2022-10-12 10:09:39.571 [main] WARN  org.springframework.boot.web.servlet.context.AnnotationConfigServletWebServerApplicationContext - Exception encountered during context initialization - cancelling refresh attempt: org.springframework.beans.factory.UnsatisfiedDependencyException: Error creating bean with name 'monitorService': Unsatisfied dependency expressed through field 'port'; nested exception is org.springframework.beans.TypeMismatchException: Failed to convert value of type 'java.lang.String' to required type 'int'; nested exception is java.lang.NumberFormatException: For input string: "0*/2***?"
2022-10-12 10:12:35.179 [main] WARN  com.alibaba.cloud.nacos.client.NacosPropertySourceBuilder - Ignore the empty nacos configuration and get it based on dataId[design.yml] & group[DEFAULT_GROUP]
2022-10-12 10:12:35.192 [main] WARN  com.alibaba.cloud.nacos.client.NacosPropertySourceBuilder - Ignore the empty nacos configuration and get it based on dataId[design-dev.yml] & group[DEFAULT_GROUP]
2022-10-12 10:12:55.076 [main] WARN  org.mybatis.spring.mapper.ClassPathMapperScanner - No MyBatis mapper was found in '[com.ruoyi.module.**.mapper]' package. Please check your configuration.
2022-10-12 10:13:34.326 [main] WARN  com.netflix.config.sources.URLConfigurationSource - No URLs will be polled as dynamic configuration sources.
2022-10-12 10:13:34.431 [main] WARN  com.netflix.config.sources.URLConfigurationSource - No URLs will be polled as dynamic configuration sources.
2022-10-12 10:48:04.980 [main] WARN  com.alibaba.cloud.nacos.client.NacosPropertySourceBuilder - Ignore the empty nacos configuration and get it based on dataId[design.yml] & group[DEFAULT_GROUP]
2022-10-12 10:48:04.986 [main] WARN  com.alibaba.cloud.nacos.client.NacosPropertySourceBuilder - Ignore the empty nacos configuration and get it based on dataId[design-dev.yml] & group[DEFAULT_GROUP]
2022-10-12 10:48:08.049 [main] WARN  org.mybatis.spring.mapper.ClassPathMapperScanner - No MyBatis mapper was found in '[com.ruoyi.module.**.mapper]' package. Please check your configuration.
2022-10-12 10:48:13.873 [main] WARN  com.netflix.config.sources.URLConfigurationSource - No URLs will be polled as dynamic configuration sources.
2022-10-12 10:48:13.881 [main] WARN  com.netflix.config.sources.URLConfigurationSource - No URLs will be polled as dynamic configuration sources.
2022-10-12 10:51:53.655 [com.alibaba.nacos.client.Worker.longPolling.fixed-127.0.0.1_8848] WARN  com.alibaba.cloud.nacos.client.NacosPropertySourceBuilder - Ignore the empty nacos configuration and get it based on dataId[design.yml] & group[DEFAULT_GROUP]
2022-10-12 10:51:53.659 [com.alibaba.nacos.client.Worker.longPolling.fixed-127.0.0.1_8848] WARN  com.alibaba.cloud.nacos.client.NacosPropertySourceBuilder - Ignore the empty nacos configuration and get it based on dataId[design-dev.yml] & group[DEFAULT_GROUP]
2022-10-12 11:23:36.218 [main] WARN  com.alibaba.cloud.nacos.client.NacosPropertySourceBuilder - Ignore the empty nacos configuration and get it based on dataId[design.yml] & group[DEFAULT_GROUP]
2022-10-12 11:23:36.239 [main] WARN  com.alibaba.cloud.nacos.client.NacosPropertySourceBuilder - Ignore the empty nacos configuration and get it based on dataId[design-dev.yml] & group[DEFAULT_GROUP]
2022-10-12 11:23:39.497 [main] WARN  org.mybatis.spring.mapper.ClassPathMapperScanner - No MyBatis mapper was found in '[com.ruoyi.module.**.mapper]' package. Please check your configuration.
2022-10-12 11:23:44.801 [main] WARN  com.netflix.config.sources.URLConfigurationSource - No URLs will be polled as dynamic configuration sources.
2022-10-12 11:23:44.808 [main] WARN  com.netflix.config.sources.URLConfigurationSource - No URLs will be polled as dynamic configuration sources.
2022-10-12 11:25:19.304 [com.alibaba.nacos.client.Worker.longPolling.fixed-127.0.0.1_8848] WARN  com.alibaba.cloud.nacos.client.NacosPropertySourceBuilder - Ignore the empty nacos configuration and get it based on dataId[design.yml] & group[DEFAULT_GROUP]
2022-10-12 11:25:19.309 [com.alibaba.nacos.client.Worker.longPolling.fixed-127.0.0.1_8848] WARN  com.alibaba.cloud.nacos.client.NacosPropertySourceBuilder - Ignore the empty nacos configuration and get it based on dataId[design-dev.yml] & group[DEFAULT_GROUP]
2022-10-12 11:33:14.001 [main] WARN  com.alibaba.cloud.nacos.client.NacosPropertySourceBuilder - Ignore the empty nacos configuration and get it based on dataId[design.yml] & group[DEFAULT_GROUP]
2022-10-12 11:33:14.005 [main] WARN  com.alibaba.cloud.nacos.client.NacosPropertySourceBuilder - Ignore the empty nacos configuration and get it based on dataId[design-dev.yml] & group[DEFAULT_GROUP]
2022-10-12 11:33:15.737 [main] WARN  org.mybatis.spring.mapper.ClassPathMapperScanner - No MyBatis mapper was found in '[com.ruoyi.module.**.mapper]' package. Please check your configuration.
2022-10-12 11:33:19.442 [main] WARN  com.netflix.config.sources.URLConfigurationSource - No URLs will be polled as dynamic configuration sources.
2022-10-12 11:33:19.448 [main] WARN  com.netflix.config.sources.URLConfigurationSource - No URLs will be polled as dynamic configuration sources.
2022-10-12 11:36:52.088 [main] WARN  com.alibaba.cloud.nacos.client.NacosPropertySourceBuilder - Ignore the empty nacos configuration and get it based on dataId[design.yml] & group[DEFAULT_GROUP]
2022-10-12 11:36:52.091 [main] WARN  com.alibaba.cloud.nacos.client.NacosPropertySourceBuilder - Ignore the empty nacos configuration and get it based on dataId[design-dev.yml] & group[DEFAULT_GROUP]
2022-10-12 11:36:54.588 [main] WARN  org.mybatis.spring.mapper.ClassPathMapperScanner - No MyBatis mapper was found in '[com.ruoyi.module.**.mapper]' package. Please check your configuration.
2022-10-12 11:36:58.607 [main] WARN  com.netflix.config.sources.URLConfigurationSource - No URLs will be polled as dynamic configuration sources.
2022-10-12 11:36:58.613 [main] WARN  com.netflix.config.sources.URLConfigurationSource - No URLs will be polled as dynamic configuration sources.
2022-10-12 11:37:09.883 [main] WARN  org.springframework.boot.web.servlet.context.AnnotationConfigServletWebServerApplicationContext - Exception encountered during context initialization - cancelling refresh attempt: org.springframework.beans.factory.BeanCreationException: Error creating bean with name 'scopedTarget.monitorService' defined in file [D:\1Anets.top\code\design\target\classes\top\anets\modules\serviceMonitor\MonitorService.class]: Initialization of bean failed; nested exception is java.lang.IllegalStateException: Encountered invalid @Scheduled method 'task': Cron expression must consist of 6 fields (found 11 in "0/10 * * * * ?:0 */1 * * * ?")
2022-10-12 11:37:54.066 [main] WARN  com.alibaba.cloud.nacos.client.NacosPropertySourceBuilder - Ignore the empty nacos configuration and get it based on dataId[design.yml] & group[DEFAULT_GROUP]
2022-10-12 11:37:54.068 [main] WARN  com.alibaba.cloud.nacos.client.NacosPropertySourceBuilder - Ignore the empty nacos configuration and get it based on dataId[design-dev.yml] & group[DEFAULT_GROUP]
2022-10-12 11:37:55.604 [main] WARN  org.mybatis.spring.mapper.ClassPathMapperScanner - No MyBatis mapper was found in '[com.ruoyi.module.**.mapper]' package. Please check your configuration.
2022-10-12 11:37:59.306 [main] WARN  com.netflix.config.sources.URLConfigurationSource - No URLs will be polled as dynamic configuration sources.
2022-10-12 11:37:59.312 [main] WARN  com.netflix.config.sources.URLConfigurationSource - No URLs will be polled as dynamic configuration sources.
2022-10-12 11:38:34.061 [com.alibaba.nacos.client.Worker.longPolling.fixed-127.0.0.1_8848] WARN  com.alibaba.cloud.nacos.client.NacosPropertySourceBuilder - Ignore the empty nacos configuration and get it based on dataId[design.yml] & group[DEFAULT_GROUP]
2022-10-12 11:38:34.065 [com.alibaba.nacos.client.Worker.longPolling.fixed-127.0.0.1_8848] WARN  com.alibaba.cloud.nacos.client.NacosPropertySourceBuilder - Ignore the empty nacos configuration and get it based on dataId[design-dev.yml] & group[DEFAULT_GROUP]
2022-10-12 12:52:53.366 [main] WARN  com.alibaba.cloud.nacos.client.NacosPropertySourceBuilder - Ignore the empty nacos configuration and get it based on dataId[design.yml] & group[DEFAULT_GROUP]
2022-10-12 12:52:53.386 [main] WARN  com.alibaba.cloud.nacos.client.NacosPropertySourceBuilder - Ignore the empty nacos configuration and get it based on dataId[design-dev.yml] & group[DEFAULT_GROUP]
2022-10-12 12:52:56.981 [main] WARN  org.mybatis.spring.mapper.ClassPathMapperScanner - No MyBatis mapper was found in '[com.ruoyi.module.**.mapper]' package. Please check your configuration.
2022-10-12 12:53:02.654 [main] WARN  org.springframework.boot.web.servlet.context.AnnotationConfigServletWebServerApplicationContext - Exception encountered during context initialization - cancelling refresh attempt: org.springframework.beans.factory.BeanCreationException: Error creating bean with name 'threadPoolTaskScheduler' defined in class path resource [top/anets/modules/schedule/ScheduleTask.class]: Bean instantiation via factory method failed; nested exception is org.springframework.beans.BeanInstantiationException: Failed to instantiate [org.springframework.scheduling.concurrent.ThreadPoolTaskScheduler]: Factory method 'threadPoolTaskScheduler' threw exception; nested exception is org.springframework.beans.factory.UnsatisfiedDependencyException: Error creating bean with name 'scopedTarget.scheduleTask': Unsatisfied dependency expressed through field 'threadPoolTaskScheduler'; nested exception is org.springframework.beans.factory.BeanCurrentlyInCreationException: Error creating bean with name 'threadPoolTaskScheduler': Requested bean is currently in creation: Is there an unresolvable circular reference?
2022-10-12 12:54:33.223 [main] WARN  com.alibaba.cloud.nacos.client.NacosPropertySourceBuilder - Ignore the empty nacos configuration and get it based on dataId[design.yml] & group[DEFAULT_GROUP]
2022-10-12 12:54:33.226 [main] WARN  com.alibaba.cloud.nacos.client.NacosPropertySourceBuilder - Ignore the empty nacos configuration and get it based on dataId[design-dev.yml] & group[DEFAULT_GROUP]
2022-10-12 12:54:35.638 [main] WARN  org.mybatis.spring.mapper.ClassPathMapperScanner - No MyBatis mapper was found in '[com.ruoyi.module.**.mapper]' package. Please check your configuration.
2022-10-12 12:54:40.831 [main] WARN  org.springframework.boot.web.servlet.context.AnnotationConfigServletWebServerApplicationContext - Exception encountered during context initialization - cancelling refresh attempt: org.springframework.beans.factory.BeanCreationException: Error creating bean with name 'threadPoolTaskScheduler' defined in class path resource [top/anets/modules/schedule/MyScheduleTask.class]: Bean instantiation via factory method failed; nested exception is org.springframework.beans.BeanInstantiationException: Failed to instantiate [org.springframework.scheduling.concurrent.ThreadPoolTaskScheduler]: Factory method 'threadPoolTaskScheduler' threw exception; nested exception is org.springframework.beans.factory.UnsatisfiedDependencyException: Error creating bean with name 'scopedTarget.myScheduleTask': Unsatisfied dependency expressed through field 'threadPoolTaskScheduler'; nested exception is org.springframework.beans.factory.BeanCurrentlyInCreationException: Error creating bean with name 'threadPoolTaskScheduler': Requested bean is currently in creation: Is there an unresolvable circular reference?
2022-10-12 12:56:31.279 [main] WARN  com.alibaba.cloud.nacos.client.NacosPropertySourceBuilder - Ignore the empty nacos configuration and get it based on dataId[design.yml] & group[DEFAULT_GROUP]
2022-10-12 12:56:31.283 [main] WARN  com.alibaba.cloud.nacos.client.NacosPropertySourceBuilder - Ignore the empty nacos configuration and get it based on dataId[design-dev.yml] & group[DEFAULT_GROUP]
2022-10-12 12:56:32.990 [main] WARN  org.mybatis.spring.mapper.ClassPathMapperScanner - No MyBatis mapper was found in '[com.ruoyi.module.**.mapper]' package. Please check your configuration.
2022-10-12 12:56:36.560 [main] WARN  com.netflix.config.sources.URLConfigurationSource - No URLs will be polled as dynamic configuration sources.
2022-10-12 12:56:36.568 [main] WARN  com.netflix.config.sources.URLConfigurationSource - No URLs will be polled as dynamic configuration sources.
2022-10-12 12:56:44.660 [main] WARN  org.springframework.boot.web.servlet.context.AnnotationConfigServletWebServerApplicationContext - Exception encountered during context initialization - cancelling refresh attempt: org.springframework.context.ApplicationContextException: Failed to start bean 'webServerStartStop'; nested exception is org.springframework.boot.web.server.PortInUseException: Port 1399 is already in use
2022-10-12 12:57:20.628 [main] WARN  com.alibaba.cloud.nacos.client.NacosPropertySourceBuilder - Ignore the empty nacos configuration and get it based on dataId[design.yml] & group[DEFAULT_GROUP]
2022-10-12 12:57:20.633 [main] WARN  com.alibaba.cloud.nacos.client.NacosPropertySourceBuilder - Ignore the empty nacos configuration and get it based on dataId[design-dev.yml] & group[DEFAULT_GROUP]
2022-10-12 12:57:22.640 [main] WARN  org.mybatis.spring.mapper.ClassPathMapperScanner - No MyBatis mapper was found in '[com.ruoyi.module.**.mapper]' package. Please check your configuration.
2022-10-12 12:57:30.146 [main] WARN  com.netflix.config.sources.URLConfigurationSource - No URLs will be polled as dynamic configuration sources.
2022-10-12 12:57:30.161 [main] WARN  com.netflix.config.sources.URLConfigurationSource - No URLs will be polled as dynamic configuration sources.
2022-10-12 12:59:39.664 [com.alibaba.nacos.client.Worker.longPolling.fixed-127.0.0.1_8848] WARN  com.alibaba.cloud.nacos.client.NacosPropertySourceBuilder - Ignore the empty nacos configuration and get it based on dataId[design.yml] & group[DEFAULT_GROUP]
2022-10-12 12:59:39.670 [com.alibaba.nacos.client.Worker.longPolling.fixed-127.0.0.1_8848] WARN  com.alibaba.cloud.nacos.client.NacosPropertySourceBuilder - Ignore the empty nacos configuration and get it based on dataId[design-dev.yml] & group[DEFAULT_GROUP]
2022-10-12 12:59:39.801 [scheduling-1] WARN  oshi.util.Util - Interrupted while sleeping for 1000 ms: sleep interrupted
2022-10-12 13:02:54.200 [main] WARN  com.alibaba.cloud.nacos.client.NacosPropertySourceBuilder - Ignore the empty nacos configuration and get it based on dataId[design.yml] & group[DEFAULT_GROUP]
2022-10-12 13:02:54.205 [main] WARN  com.alibaba.cloud.nacos.client.NacosPropertySourceBuilder - Ignore the empty nacos configuration and get it based on dataId[design-dev.yml] & group[DEFAULT_GROUP]
2022-10-12 13:02:56.637 [main] WARN  org.mybatis.spring.mapper.ClassPathMapperScanner - No MyBatis mapper was found in '[com.ruoyi.module.**.mapper]' package. Please check your configuration.
2022-10-12 13:03:03.284 [main] WARN  com.netflix.config.sources.URLConfigurationSource - No URLs will be polled as dynamic configuration sources.
2022-10-12 13:03:03.295 [main] WARN  com.netflix.config.sources.URLConfigurationSource - No URLs will be polled as dynamic configuration sources.
2022-10-12 13:04:37.463 [com.alibaba.nacos.client.Worker.longPolling.fixed-127.0.0.1_8848] WARN  com.alibaba.cloud.nacos.client.NacosPropertySourceBuilder - Ignore the empty nacos configuration and get it based on dataId[design.yml] & group[DEFAULT_GROUP]
2022-10-12 13:04:37.467 [com.alibaba.nacos.client.Worker.longPolling.fixed-127.0.0.1_8848] WARN  com.alibaba.cloud.nacos.client.NacosPropertySourceBuilder - Ignore the empty nacos configuration and get it based on dataId[design-dev.yml] & group[DEFAULT_GROUP]
2022-10-12 15:51:17.344 [main] WARN  com.alibaba.cloud.nacos.client.NacosPropertySourceBuilder - Ignore the empty nacos configuration and get it based on dataId[design.yml] & group[DEFAULT_GROUP]
2022-10-12 15:51:17.365 [main] WARN  com.alibaba.cloud.nacos.client.NacosPropertySourceBuilder - Ignore the empty nacos configuration and get it based on dataId[design-dev.yml] & group[DEFAULT_GROUP]
2022-10-12 15:51:21.747 [main] WARN  org.mybatis.spring.mapper.ClassPathMapperScanner - No MyBatis mapper was found in '[com.ruoyi.module.**.mapper]' package. Please check your configuration.
2022-10-12 15:51:26.932 [main] WARN  com.netflix.config.sources.URLConfigurationSource - No URLs will be polled as dynamic configuration sources.
2022-10-12 15:51:26.939 [main] WARN  com.netflix.config.sources.URLConfigurationSource - No URLs will be polled as dynamic configuration sources.
2022-10-12 15:51:39.624 [main] WARN  org.springframework.boot.web.servlet.context.AnnotationConfigServletWebServerApplicationContext - Exception encountered during context initialization - cancelling refresh attempt: org.springframework.beans.factory.UnsatisfiedDependencyException: Error creating bean with name 'scopedTarget.monitorService': Unsatisfied dependency expressed through field 'maxCpu'; nested exception is org.springframework.beans.TypeMismatchException: Failed to convert value of type 'java.lang.String' to required type 'double'; nested exception is java.lang.NumberFormatException: For input string: "0.8:0.8"
2022-10-12 15:52:46.829 [main] WARN  com.alibaba.cloud.nacos.client.NacosPropertySourceBuilder - Ignore the empty nacos configuration and get it based on dataId[design.yml] & group[DEFAULT_GROUP]
2022-10-12 15:52:46.835 [main] WARN  com.alibaba.cloud.nacos.client.NacosPropertySourceBuilder - Ignore the empty nacos configuration and get it based on dataId[design-dev.yml] & group[DEFAULT_GROUP]
2022-10-12 15:52:48.784 [main] WARN  org.mybatis.spring.mapper.ClassPathMapperScanner - No MyBatis mapper was found in '[com.ruoyi.module.**.mapper]' package. Please check your configuration.
2022-10-12 15:52:52.818 [main] WARN  com.netflix.config.sources.URLConfigurationSource - No URLs will be polled as dynamic configuration sources.
2022-10-12 15:52:52.827 [main] WARN  com.netflix.config.sources.URLConfigurationSource - No URLs will be polled as dynamic configuration sources.
2022-10-12 15:55:42.681 [com.alibaba.nacos.client.Worker.longPolling.fixed-127.0.0.1_8848] WARN  com.alibaba.cloud.nacos.client.NacosPropertySourceBuilder - Ignore the empty nacos configuration and get it based on dataId[design.yml] & group[DEFAULT_GROUP]
2022-10-12 15:55:42.685 [com.alibaba.nacos.client.Worker.longPolling.fixed-127.0.0.1_8848] WARN  com.alibaba.cloud.nacos.client.NacosPropertySourceBuilder - Ignore the empty nacos configuration and get it based on dataId[design-dev.yml] & group[DEFAULT_GROUP]
2022-10-12 15:59:49.298 [com.alibaba.nacos.client.Worker.longPolling.fixed-127.0.0.1_8848] WARN  com.alibaba.cloud.nacos.client.NacosPropertySourceBuilder - Ignore the empty nacos configuration and get it based on dataId[design.yml] & group[DEFAULT_GROUP]
2022-10-12 15:59:49.302 [com.alibaba.nacos.client.Worker.longPolling.fixed-127.0.0.1_8848] WARN  com.alibaba.cloud.nacos.client.NacosPropertySourceBuilder - Ignore the empty nacos configuration and get it based on dataId[design-dev.yml] & group[DEFAULT_GROUP]
2022-10-12 16:01:40.811 [main] WARN  com.alibaba.cloud.nacos.client.NacosPropertySourceBuilder - Ignore the empty nacos configuration and get it based on dataId[design.yml] & group[DEFAULT_GROUP]
2022-10-12 16:01:40.814 [main] WARN  com.alibaba.cloud.nacos.client.NacosPropertySourceBuilder - Ignore the empty nacos configuration and get it based on dataId[design-dev.yml] & group[DEFAULT_GROUP]
2022-10-12 16:01:43.021 [main] WARN  org.mybatis.spring.mapper.ClassPathMapperScanner - No MyBatis mapper was found in '[com.ruoyi.module.**.mapper]' package. Please check your configuration.
2022-10-12 16:01:47.730 [main] WARN  com.netflix.config.sources.URLConfigurationSource - No URLs will be polled as dynamic configuration sources.
2022-10-12 16:01:47.740 [main] WARN  com.netflix.config.sources.URLConfigurationSource - No URLs will be polled as dynamic configuration sources.
2022-10-12 16:10:53.522 [AMQP Connection 127.0.0.1:5672] WARN  com.rabbitmq.client.impl.ForgivingExceptionHandler - An unexpected connection driver error occured (Exception message: Connection reset)
2022-10-12 16:12:50.837 [main] WARN  com.alibaba.cloud.nacos.client.NacosPropertySourceBuilder - Ignore the empty nacos configuration and get it based on dataId[design.yml] & group[DEFAULT_GROUP]
2022-10-12 16:12:50.841 [main] WARN  com.alibaba.cloud.nacos.client.NacosPropertySourceBuilder - Ignore the empty nacos configuration and get it based on dataId[design-dev.yml] & group[DEFAULT_GROUP]
2022-10-12 16:12:52.894 [main] WARN  org.mybatis.spring.mapper.ClassPathMapperScanner - No MyBatis mapper was found in '[com.ruoyi.module.**.mapper]' package. Please check your configuration.
2022-10-12 16:12:58.133 [main] WARN  com.netflix.config.sources.URLConfigurationSource - No URLs will be polled as dynamic configuration sources.
2022-10-12 16:12:58.141 [main] WARN  com.netflix.config.sources.URLConfigurationSource - No URLs will be polled as dynamic configuration sources.
2022-10-12 16:21:35.687 [main] WARN  com.alibaba.cloud.nacos.client.NacosPropertySourceBuilder - Ignore the empty nacos configuration and get it based on dataId[design.yml] & group[DEFAULT_GROUP]
2022-10-12 16:21:35.690 [main] WARN  com.alibaba.cloud.nacos.client.NacosPropertySourceBuilder - Ignore the empty nacos configuration and get it based on dataId[design-dev.yml] & group[DEFAULT_GROUP]
2022-10-12 16:21:37.958 [main] WARN  org.mybatis.spring.mapper.ClassPathMapperScanner - No MyBatis mapper was found in '[com.ruoyi.module.**.mapper]' package. Please check your configuration.
2022-10-12 16:21:42.659 [main] WARN  com.netflix.config.sources.URLConfigurationSource - No URLs will be polled as dynamic configuration sources.
2022-10-12 16:21:42.666 [main] WARN  com.netflix.config.sources.URLConfigurationSource - No URLs will be polled as dynamic configuration sources.
2022-10-12 16:23:25.356 [com.alibaba.nacos.client.Worker.longPolling.fixed-127.0.0.1_8848] WARN  com.alibaba.cloud.nacos.client.NacosPropertySourceBuilder - Ignore the empty nacos configuration and get it based on dataId[design.yml] & group[DEFAULT_GROUP]
2022-10-12 16:23:25.361 [com.alibaba.nacos.client.Worker.longPolling.fixed-127.0.0.1_8848] WARN  com.alibaba.cloud.nacos.client.NacosPropertySourceBuilder - Ignore the empty nacos configuration and get it based on dataId[design-dev.yml] & group[DEFAULT_GROUP]
2022-10-12 16:31:18.964 [com.alibaba.nacos.client.Worker.longPolling.fixed-127.0.0.1_8848] WARN  com.alibaba.cloud.nacos.client.NacosPropertySourceBuilder - Ignore the empty nacos configuration and get it based on dataId[design.yml] & group[DEFAULT_GROUP]
2022-10-12 16:31:18.995 [com.alibaba.nacos.client.Worker.longPolling.fixed-127.0.0.1_8848] WARN  com.alibaba.cloud.nacos.client.NacosPropertySourceBuilder - Ignore the empty nacos configuration and get it based on dataId[design-dev.yml] & group[DEFAULT_GROUP]
2022-10-12 16:31:43.249 [com.alibaba.nacos.client.Worker.longPolling.fixed-127.0.0.1_8848] WARN  com.alibaba.cloud.nacos.client.NacosPropertySourceBuilder - Ignore the empty nacos configuration and get it based on dataId[design.yml] & group[DEFAULT_GROUP]
2022-10-12 16:31:43.253 [com.alibaba.nacos.client.Worker.longPolling.fixed-127.0.0.1_8848] WARN  com.alibaba.cloud.nacos.client.NacosPropertySourceBuilder - Ignore the empty nacos configuration and get it based on dataId[design-dev.yml] & group[DEFAULT_GROUP]
2022-10-12 16:39:26.089 [main] WARN  com.alibaba.cloud.nacos.client.NacosPropertySourceBuilder - Ignore the empty nacos configuration and get it based on dataId[design.yml] & group[DEFAULT_GROUP]
2022-10-12 16:39:26.094 [main] WARN  com.alibaba.cloud.nacos.client.NacosPropertySourceBuilder - Ignore the empty nacos configuration and get it based on dataId[design-dev.yml] & group[DEFAULT_GROUP]
2022-10-12 16:39:29.510 [main] WARN  org.mybatis.spring.mapper.ClassPathMapperScanner - No MyBatis mapper was found in '[com.ruoyi.module.**.mapper]' package. Please check your configuration.
2022-10-12 16:39:33.866 [main] WARN  com.netflix.config.sources.URLConfigurationSource - No URLs will be polled as dynamic configuration sources.
2022-10-12 16:39:33.874 [main] WARN  com.netflix.config.sources.URLConfigurationSource - No URLs will be polled as dynamic configuration sources.
2022-10-12 16:41:40.311 [main] WARN  com.alibaba.cloud.nacos.client.NacosPropertySourceBuilder - Ignore the empty nacos configuration and get it based on dataId[design.yml] & group[DEFAULT_GROUP]
2022-10-12 16:41:40.314 [main] WARN  com.alibaba.cloud.nacos.client.NacosPropertySourceBuilder - Ignore the empty nacos configuration and get it based on dataId[design-dev.yml] & group[DEFAULT_GROUP]
2022-10-12 16:41:42.570 [main] WARN  org.mybatis.spring.mapper.ClassPathMapperScanner - No MyBatis mapper was found in '[com.ruoyi.module.**.mapper]' package. Please check your configuration.
2022-10-12 16:41:47.527 [main] WARN  com.netflix.config.sources.URLConfigurationSource - No URLs will be polled as dynamic configuration sources.
2022-10-12 16:41:47.538 [main] WARN  com.netflix.config.sources.URLConfigurationSource - No URLs will be polled as dynamic configuration sources.
2022-10-12 16:43:39.923 [main] WARN  com.alibaba.cloud.nacos.client.NacosPropertySourceBuilder - Ignore the empty nacos configuration and get it based on dataId[design.yml] & group[DEFAULT_GROUP]
2022-10-12 16:43:39.926 [main] WARN  com.alibaba.cloud.nacos.client.NacosPropertySourceBuilder - Ignore the empty nacos configuration and get it based on dataId[design-dev.yml] & group[DEFAULT_GROUP]
2022-10-12 16:43:42.022 [main] WARN  org.mybatis.spring.mapper.ClassPathMapperScanner - No MyBatis mapper was found in '[com.ruoyi.module.**.mapper]' package. Please check your configuration.
2022-10-12 16:43:47.026 [main] WARN  com.netflix.config.sources.URLConfigurationSource - No URLs will be polled as dynamic configuration sources.
2022-10-12 16:43:47.036 [main] WARN  com.netflix.config.sources.URLConfigurationSource - No URLs will be polled as dynamic configuration sources.
2022-10-12 16:46:06.496 [main] WARN  com.alibaba.cloud.nacos.client.NacosPropertySourceBuilder - Ignore the empty nacos configuration and get it based on dataId[design.yml] & group[DEFAULT_GROUP]
2022-10-12 16:46:06.500 [main] WARN  com.alibaba.cloud.nacos.client.NacosPropertySourceBuilder - Ignore the empty nacos configuration and get it based on dataId[design-dev.yml] & group[DEFAULT_GROUP]
2022-10-12 16:46:10.238 [main] WARN  org.mybatis.spring.mapper.ClassPathMapperScanner - No MyBatis mapper was found in '[com.ruoyi.module.**.mapper]' package. Please check your configuration.
2022-10-12 16:46:17.172 [main] WARN  com.netflix.config.sources.URLConfigurationSource - No URLs will be polled as dynamic configuration sources.
2022-10-12 16:46:17.184 [main] WARN  com.netflix.config.sources.URLConfigurationSource - No URLs will be polled as dynamic configuration sources.
2022-10-12 16:53:33.950 [main] WARN  com.alibaba.cloud.nacos.client.NacosPropertySourceBuilder - Ignore the empty nacos configuration and get it based on dataId[design.yml] & group[DEFAULT_GROUP]
2022-10-12 16:53:33.954 [main] WARN  com.alibaba.cloud.nacos.client.NacosPropertySourceBuilder - Ignore the empty nacos configuration and get it based on dataId[design-dev.yml] & group[DEFAULT_GROUP]
2022-10-12 16:53:38.683 [main] WARN  org.mybatis.spring.mapper.ClassPathMapperScanner - No MyBatis mapper was found in '[com.ruoyi.module.**.mapper]' package. Please check your configuration.
2022-10-12 16:53:48.288 [main] WARN  com.netflix.config.sources.URLConfigurationSource - No URLs will be polled as dynamic configuration sources.
2022-10-12 16:53:48.299 [main] WARN  com.netflix.config.sources.URLConfigurationSource - No URLs will be polled as dynamic configuration sources.
2022-10-12 17:04:33.335 [main] WARN  com.alibaba.cloud.nacos.client.NacosPropertySourceBuilder - Ignore the empty nacos configuration and get it based on dataId[design.yml] & group[DEFAULT_GROUP]
2022-10-12 17:04:33.339 [main] WARN  com.alibaba.cloud.nacos.client.NacosPropertySourceBuilder - Ignore the empty nacos configuration and get it based on dataId[design-dev.yml] & group[DEFAULT_GROUP]
2022-10-12 17:04:35.634 [main] WARN  org.mybatis.spring.mapper.ClassPathMapperScanner - No MyBatis mapper was found in '[com.ruoyi.module.**.mapper]' package. Please check your configuration.
2022-10-12 17:04:40.404 [main] WARN  com.netflix.config.sources.URLConfigurationSource - No URLs will be polled as dynamic configuration sources.
2022-10-12 17:04:40.412 [main] WARN  com.netflix.config.sources.URLConfigurationSource - No URLs will be polled as dynamic configuration sources.
2022-10-12 17:07:10.613 [main] WARN  com.alibaba.cloud.nacos.client.NacosPropertySourceBuilder - Ignore the empty nacos configuration and get it based on dataId[design.yml] & group[DEFAULT_GROUP]
2022-10-12 17:07:10.616 [main] WARN  com.alibaba.cloud.nacos.client.NacosPropertySourceBuilder - Ignore the empty nacos configuration and get it based on dataId[design-dev.yml] & group[DEFAULT_GROUP]
2022-10-12 17:07:12.943 [main] WARN  org.mybatis.spring.mapper.ClassPathMapperScanner - No MyBatis mapper was found in '[com.ruoyi.module.**.mapper]' package. Please check your configuration.
2022-10-12 17:07:18.389 [main] WARN  com.netflix.config.sources.URLConfigurationSource - No URLs will be polled as dynamic configuration sources.
2022-10-12 17:07:18.403 [main] WARN  com.netflix.config.sources.URLConfigurationSource - No URLs will be polled as dynamic configuration sources.
2022-10-12 17:09:46.340 [main] WARN  com.alibaba.cloud.nacos.client.NacosPropertySourceBuilder - Ignore the empty nacos configuration and get it based on dataId[design.yml] & group[DEFAULT_GROUP]
2022-10-12 17:09:46.343 [main] WARN  com.alibaba.cloud.nacos.client.NacosPropertySourceBuilder - Ignore the empty nacos configuration and get it based on dataId[design-dev.yml] & group[DEFAULT_GROUP]
2022-10-12 17:09:48.676 [main] WARN  org.mybatis.spring.mapper.ClassPathMapperScanner - No MyBatis mapper was found in '[com.ruoyi.module.**.mapper]' package. Please check your configuration.
2022-10-12 17:09:53.426 [main] WARN  com.netflix.config.sources.URLConfigurationSource - No URLs will be polled as dynamic configuration sources.
2022-10-12 17:09:53.438 [main] WARN  com.netflix.config.sources.URLConfigurationSource - No URLs will be polled as dynamic configuration sources.
2022-10-12 17:39:18.384 [main] WARN  com.alibaba.cloud.nacos.client.NacosPropertySourceBuilder - Ignore the empty nacos configuration and get it based on dataId[design.yml] & group[DEFAULT_GROUP]
2022-10-12 17:39:18.387 [main] WARN  com.alibaba.cloud.nacos.client.NacosPropertySourceBuilder - Ignore the empty nacos configuration and get it based on dataId[design-dev.yml] & group[DEFAULT_GROUP]
2022-10-12 17:39:22.774 [main] WARN  org.mybatis.spring.mapper.ClassPathMapperScanner - No MyBatis mapper was found in '[com.ruoyi.module.**.mapper]' package. Please check your configuration.
2022-10-12 17:39:31.044 [main] WARN  com.netflix.config.sources.URLConfigurationSource - No URLs will be polled as dynamic configuration sources.
2022-10-12 17:39:31.060 [main] WARN  com.netflix.config.sources.URLConfigurationSource - No URLs will be polled as dynamic configuration sources.
2022-10-12 17:42:36.805 [com.alibaba.nacos.client.Worker.longPolling.fixed-127.0.0.1_8848] WARN  com.alibaba.cloud.nacos.client.NacosPropertySourceBuilder - Ignore the empty nacos configuration and get it based on dataId[design.yml] & group[DEFAULT_GROUP]
2022-10-12 17:42:36.811 [com.alibaba.nacos.client.Worker.longPolling.fixed-127.0.0.1_8848] WARN  com.alibaba.cloud.nacos.client.NacosPropertySourceBuilder - Ignore the empty nacos configuration and get it based on dataId[design-dev.yml] & group[DEFAULT_GROUP]
2022-10-12 17:50:41.575 [main] WARN  com.alibaba.cloud.nacos.client.NacosPropertySourceBuilder - Ignore the empty nacos configuration and get it based on dataId[design.yml] & group[DEFAULT_GROUP]
2022-10-12 17:50:41.581 [main] WARN  com.alibaba.cloud.nacos.client.NacosPropertySourceBuilder - Ignore the empty nacos configuration and get it based on dataId[design-dev.yml] & group[DEFAULT_GROUP]
2022-10-12 17:50:45.257 [main] WARN  org.mybatis.spring.mapper.ClassPathMapperScanner - No MyBatis mapper was found in '[com.ruoyi.module.**.mapper]' package. Please check your configuration.
2022-10-12 17:50:53.365 [main] WARN  com.netflix.config.sources.URLConfigurationSource - No URLs will be polled as dynamic configuration sources.
2022-10-12 17:50:53.388 [main] WARN  com.netflix.config.sources.URLConfigurationSource - No URLs will be polled as dynamic configuration sources.
2022-10-12 17:51:07.456 [main] WARN  org.springframework.boot.web.servlet.context.AnnotationConfigServletWebServerApplicationContext - Exception encountered during context initialization - cancelling refresh attempt: org.springframework.beans.factory.BeanCreationException: Error creating bean with name 'scopedTarget.abnormalRemind': Injection of autowired dependencies failed; nested exception is java.lang.IllegalArgumentException: Could not resolve placeholder 'dingTalk.errorPushUrl' in value "${dingTalk.errorPushUrl}"
2022-10-12 17:54:31.881 [main] WARN  com.alibaba.cloud.nacos.client.NacosPropertySourceBuilder - Ignore the empty nacos configuration and get it based on dataId[design.yml] & group[DEFAULT_GROUP]
2022-10-12 17:54:31.884 [main] WARN  com.alibaba.cloud.nacos.client.NacosPropertySourceBuilder - Ignore the empty nacos configuration and get it based on dataId[design-dev.yml] & group[DEFAULT_GROUP]
2022-10-12 17:54:33.917 [main] WARN  org.mybatis.spring.mapper.ClassPathMapperScanner - No MyBatis mapper was found in '[com.ruoyi.module.**.mapper]' package. Please check your configuration.
2022-10-12 17:54:40.526 [main] WARN  com.netflix.config.sources.URLConfigurationSource - No URLs will be polled as dynamic configuration sources.
2022-10-12 17:54:40.544 [main] WARN  com.netflix.config.sources.URLConfigurationSource - No URLs will be polled as dynamic configuration sources.
2022-10-12 17:56:37.731 [com.alibaba.nacos.client.Worker.longPolling.fixed-127.0.0.1_8848] WARN  com.alibaba.cloud.nacos.client.NacosPropertySourceBuilder - Ignore the empty nacos configuration and get it based on dataId[design.yml] & group[DEFAULT_GROUP]
2022-10-12 17:56:37.735 [com.alibaba.nacos.client.Worker.longPolling.fixed-127.0.0.1_8848] WARN  com.alibaba.cloud.nacos.client.NacosPropertySourceBuilder - Ignore the empty nacos configuration and get it based on dataId[design-dev.yml] & group[DEFAULT_GROUP]
2022-10-12 17:59:37.823 [main] WARN  com.alibaba.cloud.nacos.client.NacosPropertySourceBuilder - Ignore the empty nacos configuration and get it based on dataId[design.yml] & group[DEFAULT_GROUP]
2022-10-12 17:59:37.828 [main] WARN  com.alibaba.cloud.nacos.client.NacosPropertySourceBuilder - Ignore the empty nacos configuration and get it based on dataId[design-dev.yml] & group[DEFAULT_GROUP]
2022-10-12 17:59:40.279 [main] WARN  org.mybatis.spring.mapper.ClassPathMapperScanner - No MyBatis mapper was found in '[com.ruoyi.module.**.mapper]' package. Please check your configuration.
2022-10-12 17:59:58.746 [main] WARN  com.netflix.config.sources.URLConfigurationSource - No URLs will be polled as dynamic configuration sources.
2022-10-12 17:59:58.762 [main] WARN  com.netflix.config.sources.URLConfigurationSource - No URLs will be polled as dynamic configuration sources.
2022-10-12 18:01:06.737 [main] WARN  com.alibaba.cloud.nacos.client.NacosPropertySourceBuilder - Ignore the empty nacos configuration and get it based on dataId[design.yml] & group[DEFAULT_GROUP]
2022-10-12 18:01:06.740 [main] WARN  com.alibaba.cloud.nacos.client.NacosPropertySourceBuilder - Ignore the empty nacos configuration and get it based on dataId[design-dev.yml] & group[DEFAULT_GROUP]
2022-10-12 18:01:08.953 [main] WARN  org.mybatis.spring.mapper.ClassPathMapperScanner - No MyBatis mapper was found in '[com.ruoyi.module.**.mapper]' package. Please check your configuration.
2022-10-12 18:01:13.395 [main] WARN  com.netflix.config.sources.URLConfigurationSource - No URLs will be polled as dynamic configuration sources.
2022-10-12 18:01:13.408 [main] WARN  com.netflix.config.sources.URLConfigurationSource - No URLs will be polled as dynamic configuration sources.
2022-10-12 18:01:55.725 [com.alibaba.nacos.client.Worker.longPolling.fixed-127.0.0.1_8848] WARN  com.alibaba.cloud.nacos.client.NacosPropertySourceBuilder - Ignore the empty nacos configuration and get it based on dataId[design.yml] & group[DEFAULT_GROUP]
2022-10-12 18:01:55.732 [com.alibaba.nacos.client.Worker.longPolling.fixed-127.0.0.1_8848] WARN  com.alibaba.cloud.nacos.client.NacosPropertySourceBuilder - Ignore the empty nacos configuration and get it based on dataId[design-dev.yml] & group[DEFAULT_GROUP]
2022-10-12 18:14:19.657 [main] WARN  com.alibaba.cloud.nacos.client.NacosPropertySourceBuilder - Ignore the empty nacos configuration and get it based on dataId[design.yml] & group[DEFAULT_GROUP]
2022-10-12 18:14:19.662 [main] WARN  com.alibaba.cloud.nacos.client.NacosPropertySourceBuilder - Ignore the empty nacos configuration and get it based on dataId[design-dev.yml] & group[DEFAULT_GROUP]
2022-10-12 18:14:23.618 [main] WARN  org.mybatis.spring.mapper.ClassPathMapperScanner - No MyBatis mapper was found in '[com.ruoyi.module.**.mapper]' package. Please check your configuration.
2022-10-12 18:14:41.988 [main] WARN  com.netflix.config.sources.URLConfigurationSource - No URLs will be polled as dynamic configuration sources.
2022-10-12 18:14:41.997 [main] WARN  com.netflix.config.sources.URLConfigurationSource - No URLs will be polled as dynamic configuration sources.
2022-10-12 18:16:10.381 [main] WARN  com.alibaba.cloud.nacos.client.NacosPropertySourceBuilder - Ignore the empty nacos configuration and get it based on dataId[design.yml] & group[DEFAULT_GROUP]
2022-10-12 18:16:10.385 [main] WARN  com.alibaba.cloud.nacos.client.NacosPropertySourceBuilder - Ignore the empty nacos configuration and get it based on dataId[design-dev.yml] & group[DEFAULT_GROUP]
2022-10-12 18:16:13.468 [main] WARN  org.mybatis.spring.mapper.ClassPathMapperScanner - No MyBatis mapper was found in '[com.ruoyi.module.**.mapper]' package. Please check your configuration.
2022-10-12 18:16:17.959 [main] WARN  com.netflix.config.sources.URLConfigurationSource - No URLs will be polled as dynamic configuration sources.
2022-10-12 18:16:17.971 [main] WARN  com.netflix.config.sources.URLConfigurationSource - No URLs will be polled as dynamic configuration sources.
2022-10-12 18:16:58.967 [com.alibaba.nacos.client.Worker.longPolling.fixed-127.0.0.1_8848] WARN  com.alibaba.cloud.nacos.client.NacosPropertySourceBuilder - Ignore the empty nacos configuration and get it based on dataId[design.yml] & group[DEFAULT_GROUP]
2022-10-12 18:16:58.972 [com.alibaba.nacos.client.Worker.longPolling.fixed-127.0.0.1_8848] WARN  com.alibaba.cloud.nacos.client.NacosPropertySourceBuilder - Ignore the empty nacos configuration and get it based on dataId[design-dev.yml] & group[DEFAULT_GROUP]
2022-10-12 18:19:49.522 [main] WARN  com.alibaba.cloud.nacos.client.NacosPropertySourceBuilder - Ignore the empty nacos configuration and get it based on dataId[design.yml] & group[DEFAULT_GROUP]
2022-10-12 18:19:49.525 [main] WARN  com.alibaba.cloud.nacos.client.NacosPropertySourceBuilder - Ignore the empty nacos configuration and get it based on dataId[design-dev.yml] & group[DEFAULT_GROUP]
2022-10-12 18:19:52.508 [main] WARN  org.mybatis.spring.mapper.ClassPathMapperScanner - No MyBatis mapper was found in '[com.ruoyi.module.**.mapper]' package. Please check your configuration.
2022-10-12 18:19:57.287 [main] WARN  com.netflix.config.sources.URLConfigurationSource - No URLs will be polled as dynamic configuration sources.
2022-10-12 18:19:57.297 [main] WARN  com.netflix.config.sources.URLConfigurationSource - No URLs will be polled as dynamic configuration sources.
2022-10-12 18:20:44.396 [com.alibaba.nacos.client.Worker.longPolling.fixed-127.0.0.1_8848] WARN  com.alibaba.cloud.nacos.client.NacosPropertySourceBuilder - Ignore the empty nacos configuration and get it based on dataId[design.yml] & group[DEFAULT_GROUP]
2022-10-12 18:20:44.400 [com.alibaba.nacos.client.Worker.longPolling.fixed-127.0.0.1_8848] WARN  com.alibaba.cloud.nacos.client.NacosPropertySourceBuilder - Ignore the empty nacos configuration and get it based on dataId[design-dev.yml] & group[DEFAULT_GROUP]
2022-10-12 18:20:44.552 [scheduling-1] WARN  oshi.util.Util - Interrupted while sleeping for 1000 ms: sleep interrupted
2022-10-12 18:21:55.062 [com.alibaba.nacos.client.Worker.longPolling.fixed-127.0.0.1_8848] WARN  com.alibaba.cloud.nacos.client.NacosPropertySourceBuilder - Ignore the empty nacos configuration and get it based on dataId[design.yml] & group[DEFAULT_GROUP]
2022-10-12 18:21:55.067 [com.alibaba.nacos.client.Worker.longPolling.fixed-127.0.0.1_8848] WARN  com.alibaba.cloud.nacos.client.NacosPropertySourceBuilder - Ignore the empty nacos configuration and get it based on dataId[design-dev.yml] & group[DEFAULT_GROUP]
2022-10-12 18:22:17.822 [com.alibaba.nacos.client.Worker.longPolling.fixed-127.0.0.1_8848] WARN  com.alibaba.cloud.nacos.client.NacosPropertySourceBuilder - Ignore the empty nacos configuration and get it based on dataId[design.yml] & group[DEFAULT_GROUP]
2022-10-12 18:22:17.826 [com.alibaba.nacos.client.Worker.longPolling.fixed-127.0.0.1_8848] WARN  com.alibaba.cloud.nacos.client.NacosPropertySourceBuilder - Ignore the empty nacos configuration and get it based on dataId[design-dev.yml] & group[DEFAULT_GROUP]
