2022-10-11 17:53:18.767 [main] INFO  top.anets.DesignApplication - Starting DesignApplication using Java 1.8.0_191 on WIN-3DFGP6SS4I1 with PID 10356 (D:\1Anets.top\code\design\target\classes started by Administrator in D:\1Anets.top\code\design)
2022-10-11 17:53:18.772 [main] INFO  top.anets.DesignApplication - No active profile set, falling back to 1 default profile: "default"
2022-10-11 17:53:22.342 [main] INFO  org.springframework.data.repository.config.RepositoryConfigurationDelegate - Multiple Spring Data modules found, entering strict repository configuration mode!
2022-10-11 17:53:22.347 [main] INFO  org.springframework.data.repository.config.RepositoryConfigurationDelegate - Bootstrapping Spring Data Redis repositories in DEFAULT mode.
2022-10-11 17:53:22.487 [main] INFO  org.springframework.data.repository.config.RepositoryConfigurationDelegate - Finished Spring Data repository scanning in 47 ms. Found 0 Redis repository interfaces.
2022-10-11 17:53:24.748 [main] INFO  org.springframework.boot.web.embedded.tomcat.TomcatWebServer - Tomcat initialized with port(s): 1399 (http)
2022-10-11 17:53:24.763 [main] INFO  org.apache.coyote.http11.Http11NioProtocol - Initializing ProtocolHandler ["http-nio-1399"]
2022-10-11 17:53:24.763 [main] INFO  org.apache.catalina.core.StandardService - Starting service [Tomcat]
2022-10-11 17:53:24.764 [main] INFO  org.apache.catalina.core.StandardEngine - Starting Servlet engine: [Apache Tomcat/9.0.58]
2022-10-11 17:53:25.047 [main] INFO  org.apache.catalina.core.ContainerBase.[Tomcat].[localhost].[/] - Initializing Spring embedded WebApplicationContext
2022-10-11 17:53:25.047 [main] INFO  org.springframework.boot.web.servlet.context.ServletWebServerApplicationContext - Root WebApplicationContext: initialization completed in 5480 ms
2022-10-11 17:53:30.932 [main] INFO  top.anets.config.xxljob.XxlJobConfig - >>>>>>>>>>> xxl-job config init.
2022-10-11 17:53:35.189 [main] INFO  com.xxl.job.core.executor.XxlJobExecutor - >>>>>>>>>>> xxl-job register jobhandler success, name:monitor-server, jobHandler:com.xxl.job.core.handler.impl.MethodJobHandler@75527e36[class top.anets.modules.serviceMonitor.MonitorService#tasks]
2022-10-11 17:53:35.471 [main] INFO  org.apache.coyote.http11.Http11NioProtocol - Starting ProtocolHandler ["http-nio-1399"]
2022-10-11 17:53:35.543 [main] INFO  org.springframework.boot.web.embedded.tomcat.TomcatWebServer - Tomcat started on port(s): 1399 (http) with context path ''
2022-10-11 17:53:35.548 [main] INFO  org.springframework.amqp.rabbit.connection.CachingConnectionFactory - Attempting to connect to: [localhost:5672]
2022-10-11 17:53:35.810 [main] INFO  org.springframework.amqp.rabbit.connection.CachingConnectionFactory - Created new connection: rabbitConnectionFactory#713a35c5:0/SimpleConnection@74d22ddd [delegate=amqp://guest@127.0.0.1:5672/, localPort= 8602]
2022-10-11 17:53:36.030 [main] INFO  top.anets.DesignApplication - Started DesignApplication in 19.298 seconds (JVM running for 23.468)
2022-10-11 17:53:36.962 [Thread-44] INFO  com.xxl.job.core.server.EmbedServer - >>>>>>>>>>> xxl-job remoting server start success, nettype = class com.xxl.job.core.server.EmbedServer, port = 38801
2022-10-11 17:53:37.035 [xxl-job, executor ExecutorRegistryThread] INFO  com.xxl.job.core.thread.ExecutorRegistryThread - >>>>>>>>>>> xxl-job registry fail, registryParam:RegistryParam{registryGroup='EXECUTOR', registryKey='design', registryValue='http://192.168.168.15:38801/'}, registryResult:ReturnT [code=500, msg=The access token is wrong., content=null]
2022-10-11 17:55:02.731 [main] INFO  top.anets.DesignApplication - Starting DesignApplication using Java 1.8.0_191 on WIN-3DFGP6SS4I1 with PID 18652 (D:\1Anets.top\code\design\target\classes started by Administrator in D:\1Anets.top\code\design)
2022-10-11 17:55:02.742 [main] INFO  top.anets.DesignApplication - No active profile set, falling back to 1 default profile: "default"
2022-10-11 17:55:05.382 [main] INFO  org.springframework.data.repository.config.RepositoryConfigurationDelegate - Multiple Spring Data modules found, entering strict repository configuration mode!
2022-10-11 17:55:05.386 [main] INFO  org.springframework.data.repository.config.RepositoryConfigurationDelegate - Bootstrapping Spring Data Redis repositories in DEFAULT mode.
2022-10-11 17:55:05.495 [main] INFO  org.springframework.data.repository.config.RepositoryConfigurationDelegate - Finished Spring Data repository scanning in 75 ms. Found 0 Redis repository interfaces.
2022-10-11 17:55:07.507 [main] INFO  org.springframework.boot.web.embedded.tomcat.TomcatWebServer - Tomcat initialized with port(s): 1399 (http)
2022-10-11 17:55:07.536 [main] INFO  org.apache.coyote.http11.Http11NioProtocol - Initializing ProtocolHandler ["http-nio-1399"]
2022-10-11 17:55:07.540 [main] INFO  org.apache.catalina.core.StandardService - Starting service [Tomcat]
2022-10-11 17:55:07.541 [main] INFO  org.apache.catalina.core.StandardEngine - Starting Servlet engine: [Apache Tomcat/9.0.58]
2022-10-11 17:55:08.133 [main] INFO  org.apache.catalina.core.ContainerBase.[Tomcat].[localhost].[/] - Initializing Spring embedded WebApplicationContext
2022-10-11 17:55:08.134 [main] INFO  org.springframework.boot.web.servlet.context.ServletWebServerApplicationContext - Root WebApplicationContext: initialization completed in 4730 ms
2022-10-11 17:55:13.899 [main] INFO  top.anets.config.xxljob.XxlJobConfig - >>>>>>>>>>> xxl-job config init.
2022-10-11 17:55:18.397 [main] INFO  com.xxl.job.core.executor.XxlJobExecutor - >>>>>>>>>>> xxl-job register jobhandler success, name:monitor-server, jobHandler:com.xxl.job.core.handler.impl.MethodJobHandler@7e050be1[class top.anets.modules.serviceMonitor.MonitorService#tasks]
2022-10-11 17:55:18.699 [main] INFO  org.apache.coyote.http11.Http11NioProtocol - Starting ProtocolHandler ["http-nio-1399"]
2022-10-11 17:55:18.726 [main] INFO  org.springframework.boot.web.embedded.tomcat.TomcatWebServer - Tomcat started on port(s): 1399 (http) with context path ''
2022-10-11 17:55:18.732 [main] INFO  org.springframework.amqp.rabbit.connection.CachingConnectionFactory - Attempting to connect to: [localhost:5672]
2022-10-11 17:55:18.799 [main] INFO  org.springframework.amqp.rabbit.connection.CachingConnectionFactory - Created new connection: rabbitConnectionFactory#35bfa1bb:0/SimpleConnection@75ed7512 [delegate=amqp://guest@127.0.0.1:5672/, localPort= 8905]
2022-10-11 17:55:18.939 [main] INFO  top.anets.DesignApplication - Started DesignApplication in 18.629 seconds (JVM running for 23.826)
2022-10-11 17:55:20.221 [Thread-42] INFO  com.xxl.job.core.server.EmbedServer - >>>>>>>>>>> xxl-job remoting server start success, nettype = class com.xxl.job.core.server.EmbedServer, port = 38801
2022-10-11 17:58:39.194 [xxl-job, EmbedServer bizThreadPool-1003977168] INFO  com.xxl.job.core.executor.XxlJobExecutor - >>>>>>>>>>> xxl-job regist JobThread success, jobId:2, handler:com.xxl.job.core.handler.impl.MethodJobHandler@7e050be1[class top.anets.modules.serviceMonitor.MonitorService#tasks]
2022-10-11 18:10:32.652 [main] INFO  top.anets.DesignApplication - Starting DesignApplication using Java 1.8.0_191 on WIN-3DFGP6SS4I1 with PID 9152 (D:\1Anets.top\code\design\target\classes started by Administrator in D:\1Anets.top\code\design)
2022-10-11 18:10:32.659 [main] INFO  top.anets.DesignApplication - No active profile set, falling back to 1 default profile: "default"
2022-10-11 18:10:35.520 [main] INFO  org.springframework.data.repository.config.RepositoryConfigurationDelegate - Multiple Spring Data modules found, entering strict repository configuration mode!
2022-10-11 18:10:35.524 [main] INFO  org.springframework.data.repository.config.RepositoryConfigurationDelegate - Bootstrapping Spring Data Redis repositories in DEFAULT mode.
2022-10-11 18:10:35.612 [main] INFO  org.springframework.data.repository.config.RepositoryConfigurationDelegate - Finished Spring Data repository scanning in 54 ms. Found 0 Redis repository interfaces.
2022-10-11 18:10:37.528 [main] INFO  org.springframework.boot.web.embedded.tomcat.TomcatWebServer - Tomcat initialized with port(s): 1399 (http)
2022-10-11 18:10:37.549 [main] INFO  org.apache.coyote.http11.Http11NioProtocol - Initializing ProtocolHandler ["http-nio-1399"]
2022-10-11 18:10:37.550 [main] INFO  org.apache.catalina.core.StandardService - Starting service [Tomcat]
2022-10-11 18:10:37.551 [main] INFO  org.apache.catalina.core.StandardEngine - Starting Servlet engine: [Apache Tomcat/9.0.58]
2022-10-11 18:10:37.933 [main] INFO  org.apache.catalina.core.ContainerBase.[Tomcat].[localhost].[/] - Initializing Spring embedded WebApplicationContext
2022-10-11 18:10:37.934 [main] INFO  org.springframework.boot.web.servlet.context.ServletWebServerApplicationContext - Root WebApplicationContext: initialization completed in 4393 ms
2022-10-11 18:10:43.364 [main] INFO  top.anets.config.xxljob.XxlJobConfig - >>>>>>>>>>> xxl-job config init.
2022-10-11 18:10:47.569 [main] INFO  com.xxl.job.core.executor.XxlJobExecutor - >>>>>>>>>>> xxl-job register jobhandler success, name:monitor-server, jobHandler:com.xxl.job.core.handler.impl.MethodJobHandler@335896bd[class top.anets.modules.serviceMonitor.MonitorService#tasks]
2022-10-11 18:10:47.756 [main] INFO  org.apache.coyote.http11.Http11NioProtocol - Starting ProtocolHandler ["http-nio-1399"]
2022-10-11 18:10:47.792 [main] INFO  org.springframework.boot.web.embedded.tomcat.TomcatWebServer - Tomcat started on port(s): 1399 (http) with context path ''
2022-10-11 18:10:47.808 [main] INFO  org.springframework.amqp.rabbit.connection.CachingConnectionFactory - Attempting to connect to: [localhost:5672]
2022-10-11 18:10:47.935 [main] INFO  org.springframework.amqp.rabbit.connection.CachingConnectionFactory - Created new connection: rabbitConnectionFactory#57f0bfc3:0/SimpleConnection@f9de1fd [delegate=amqp://guest@127.0.0.1:5672/, localPort= 11310]
2022-10-11 18:10:48.135 [main] INFO  top.anets.DesignApplication - Started DesignApplication in 18.68 seconds (JVM running for 26.006)
2022-10-11 18:10:49.423 [Thread-38] INFO  com.xxl.job.core.server.EmbedServer - >>>>>>>>>>> xxl-job remoting server start success, nettype = class com.xxl.job.core.server.EmbedServer, port = 38801
2022-10-11 18:13:45.005 [main] INFO  top.anets.DesignApplication - Starting DesignApplication using Java 1.8.0_191 on WIN-3DFGP6SS4I1 with PID 18248 (D:\1Anets.top\code\design\target\classes started by Administrator in D:\1Anets.top\code\design)
2022-10-11 18:13:45.018 [main] INFO  top.anets.DesignApplication - No active profile set, falling back to 1 default profile: "default"
2022-10-11 18:13:48.684 [main] INFO  org.springframework.data.repository.config.RepositoryConfigurationDelegate - Multiple Spring Data modules found, entering strict repository configuration mode!
2022-10-11 18:13:48.694 [main] INFO  org.springframework.data.repository.config.RepositoryConfigurationDelegate - Bootstrapping Spring Data Redis repositories in DEFAULT mode.
2022-10-11 18:13:48.833 [main] INFO  org.springframework.data.repository.config.RepositoryConfigurationDelegate - Finished Spring Data repository scanning in 84 ms. Found 0 Redis repository interfaces.
2022-10-11 18:13:51.919 [main] INFO  org.springframework.boot.web.embedded.tomcat.TomcatWebServer - Tomcat initialized with port(s): 1399 (http)
2022-10-11 18:13:51.945 [main] INFO  org.apache.coyote.http11.Http11NioProtocol - Initializing ProtocolHandler ["http-nio-1399"]
2022-10-11 18:13:51.946 [main] INFO  org.apache.catalina.core.StandardService - Starting service [Tomcat]
2022-10-11 18:13:51.947 [main] INFO  org.apache.catalina.core.StandardEngine - Starting Servlet engine: [Apache Tomcat/9.0.58]
2022-10-11 18:13:52.394 [main] INFO  org.apache.catalina.core.ContainerBase.[Tomcat].[localhost].[/] - Initializing Spring embedded WebApplicationContext
2022-10-11 18:13:52.394 [main] INFO  org.springframework.boot.web.servlet.context.ServletWebServerApplicationContext - Root WebApplicationContext: initialization completed in 6369 ms
2022-10-11 18:13:59.771 [main] INFO  org.apache.catalina.core.StandardService - Stopping service [Tomcat]
2022-10-11 18:15:18.787 [main] INFO  top.anets.DesignApplication - Starting DesignApplication using Java 1.8.0_191 on WIN-3DFGP6SS4I1 with PID 19048 (D:\1Anets.top\code\design\target\classes started by Administrator in D:\1Anets.top\code\design)
2022-10-11 18:15:18.802 [main] INFO  top.anets.DesignApplication - No active profile set, falling back to 1 default profile: "default"
2022-10-11 18:15:22.270 [main] INFO  org.springframework.data.repository.config.RepositoryConfigurationDelegate - Multiple Spring Data modules found, entering strict repository configuration mode!
2022-10-11 18:15:22.273 [main] INFO  org.springframework.data.repository.config.RepositoryConfigurationDelegate - Bootstrapping Spring Data Redis repositories in DEFAULT mode.
2022-10-11 18:15:22.363 [main] INFO  org.springframework.data.repository.config.RepositoryConfigurationDelegate - Finished Spring Data repository scanning in 55 ms. Found 0 Redis repository interfaces.
2022-10-11 18:15:24.414 [main] INFO  org.springframework.boot.web.embedded.tomcat.TomcatWebServer - Tomcat initialized with port(s): 1399 (http)
2022-10-11 18:15:24.608 [main] INFO  org.apache.coyote.http11.Http11NioProtocol - Initializing ProtocolHandler ["http-nio-1399"]
2022-10-11 18:15:24.611 [main] INFO  org.apache.catalina.core.StandardService - Starting service [Tomcat]
2022-10-11 18:15:24.611 [main] INFO  org.apache.catalina.core.StandardEngine - Starting Servlet engine: [Apache Tomcat/9.0.58]
2022-10-11 18:15:25.776 [main] INFO  org.apache.catalina.core.ContainerBase.[Tomcat].[localhost].[/] - Initializing Spring embedded WebApplicationContext
2022-10-11 18:15:25.776 [main] INFO  org.springframework.boot.web.servlet.context.ServletWebServerApplicationContext - Root WebApplicationContext: initialization completed in 5624 ms
2022-10-11 18:15:33.305 [main] INFO  top.anets.config.xxljob.XxlJobConfig - >>>>>>>>>>> xxl-job config init.
2022-10-11 18:15:39.602 [main] INFO  com.xxl.job.core.executor.XxlJobExecutor - >>>>>>>>>>> xxl-job register jobhandler success, name:monitor-server, jobHandler:com.xxl.job.core.handler.impl.MethodJobHandler@504c415c[class top.anets.modules.serviceMonitor.MonitorService#tasks]
2022-10-11 18:15:39.766 [main] INFO  org.apache.coyote.http11.Http11NioProtocol - Starting ProtocolHandler ["http-nio-1399"]
2022-10-11 18:15:39.797 [main] INFO  org.springframework.boot.web.embedded.tomcat.TomcatWebServer - Tomcat started on port(s): 1399 (http) with context path ''
2022-10-11 18:15:39.803 [main] INFO  org.springframework.amqp.rabbit.connection.CachingConnectionFactory - Attempting to connect to: [localhost:5672]
2022-10-11 18:15:39.892 [main] INFO  org.springframework.amqp.rabbit.connection.CachingConnectionFactory - Created new connection: rabbitConnectionFactory#2a5c6b76:0/SimpleConnection@4fa6fb7f [delegate=amqp://guest@127.0.0.1:5672/, localPort= 12923]
2022-10-11 18:15:40.068 [main] INFO  top.anets.DesignApplication - Started DesignApplication in 24.079 seconds (JVM running for 28.668)
2022-10-11 18:15:41.359 [Thread-53] INFO  com.xxl.job.core.server.EmbedServer - >>>>>>>>>>> xxl-job remoting server start success, nettype = class com.xxl.job.core.server.EmbedServer, port = 38801
2022-10-11 18:16:41.367 [main] INFO  top.anets.DesignApplication - Starting DesignApplication using Java 1.8.0_191 on WIN-3DFGP6SS4I1 with PID 480 (D:\1Anets.top\code\design\target\classes started by Administrator in D:\1Anets.top\code\design)
2022-10-11 18:16:41.375 [main] INFO  top.anets.DesignApplication - No active profile set, falling back to 1 default profile: "default"
2022-10-11 18:16:44.003 [main] INFO  org.springframework.data.repository.config.RepositoryConfigurationDelegate - Multiple Spring Data modules found, entering strict repository configuration mode!
2022-10-11 18:16:44.007 [main] INFO  org.springframework.data.repository.config.RepositoryConfigurationDelegate - Bootstrapping Spring Data Redis repositories in DEFAULT mode.
2022-10-11 18:16:44.090 [main] INFO  org.springframework.data.repository.config.RepositoryConfigurationDelegate - Finished Spring Data repository scanning in 52 ms. Found 0 Redis repository interfaces.
2022-10-11 18:16:46.478 [main] INFO  org.springframework.boot.web.embedded.tomcat.TomcatWebServer - Tomcat initialized with port(s): 1399 (http)
2022-10-11 18:16:46.495 [main] INFO  org.apache.coyote.http11.Http11NioProtocol - Initializing ProtocolHandler ["http-nio-1399"]
2022-10-11 18:16:46.496 [main] INFO  org.apache.catalina.core.StandardService - Starting service [Tomcat]
2022-10-11 18:16:46.497 [main] INFO  org.apache.catalina.core.StandardEngine - Starting Servlet engine: [Apache Tomcat/9.0.58]
2022-10-11 18:16:46.793 [main] INFO  org.apache.catalina.core.ContainerBase.[Tomcat].[localhost].[/] - Initializing Spring embedded WebApplicationContext
2022-10-11 18:16:46.794 [main] INFO  org.springframework.boot.web.servlet.context.ServletWebServerApplicationContext - Root WebApplicationContext: initialization completed in 4762 ms
2022-10-11 18:16:52.168 [main] INFO  org.apache.catalina.core.StandardService - Stopping service [Tomcat]
2022-10-11 18:22:41.642 [main] INFO  top.anets.DesignApplication - Starting DesignApplication using Java 1.8.0_191 on WIN-3DFGP6SS4I1 with PID 20276 (D:\1Anets.top\code\design\target\classes started by Administrator in D:\1Anets.top\code\design)
2022-10-11 18:22:41.649 [main] INFO  top.anets.DesignApplication - No active profile set, falling back to 1 default profile: "default"
2022-10-11 18:22:43.980 [main] INFO  org.springframework.data.repository.config.RepositoryConfigurationDelegate - Multiple Spring Data modules found, entering strict repository configuration mode!
2022-10-11 18:22:43.989 [main] INFO  org.springframework.data.repository.config.RepositoryConfigurationDelegate - Bootstrapping Spring Data Redis repositories in DEFAULT mode.
2022-10-11 18:22:44.163 [main] INFO  org.springframework.data.repository.config.RepositoryConfigurationDelegate - Finished Spring Data repository scanning in 118 ms. Found 0 Redis repository interfaces.
2022-10-11 18:22:46.103 [main] INFO  org.springframework.boot.web.embedded.tomcat.TomcatWebServer - Tomcat initialized with port(s): 1399 (http)
2022-10-11 18:22:46.120 [main] INFO  org.apache.coyote.http11.Http11NioProtocol - Initializing ProtocolHandler ["http-nio-1399"]
2022-10-11 18:22:46.121 [main] INFO  org.apache.catalina.core.StandardService - Starting service [Tomcat]
2022-10-11 18:22:46.122 [main] INFO  org.apache.catalina.core.StandardEngine - Starting Servlet engine: [Apache Tomcat/9.0.58]
2022-10-11 18:22:46.441 [main] INFO  org.apache.catalina.core.ContainerBase.[Tomcat].[localhost].[/] - Initializing Spring embedded WebApplicationContext
2022-10-11 18:22:46.442 [main] INFO  org.springframework.boot.web.servlet.context.ServletWebServerApplicationContext - Root WebApplicationContext: initialization completed in 4221 ms
2022-10-11 18:22:51.489 [main] INFO  top.anets.config.xxljob.XxlJobConfig - >>>>>>>>>>> xxl-job config init.
2022-10-11 18:22:55.391 [main] INFO  com.xxl.job.core.executor.XxlJobExecutor - >>>>>>>>>>> xxl-job register jobhandler success, name:monitor-server, jobHandler:com.xxl.job.core.handler.impl.MethodJobHandler@7bfcc108[class top.anets.modules.serviceMonitor.MonitorService#tasks]
2022-10-11 18:22:55.609 [main] INFO  org.apache.coyote.http11.Http11NioProtocol - Starting ProtocolHandler ["http-nio-1399"]
2022-10-11 18:22:55.634 [main] INFO  org.springframework.boot.web.embedded.tomcat.TomcatWebServer - Tomcat started on port(s): 1399 (http) with context path ''
2022-10-11 18:22:55.639 [main] INFO  org.springframework.amqp.rabbit.connection.CachingConnectionFactory - Attempting to connect to: [localhost:5672]
2022-10-11 18:22:55.719 [main] INFO  org.springframework.amqp.rabbit.connection.CachingConnectionFactory - Created new connection: rabbitConnectionFactory#1488a861:0/SimpleConnection@30a20fb3 [delegate=amqp://guest@127.0.0.1:5672/, localPort= 14026]
2022-10-11 18:22:55.864 [main] INFO  top.anets.DesignApplication - Started DesignApplication in 15.972 seconds (JVM running for 20.383)
2022-10-11 18:22:57.003 [Thread-39] INFO  com.xxl.job.core.server.EmbedServer - >>>>>>>>>>> xxl-job remoting server start success, nettype = class com.xxl.job.core.server.EmbedServer, port = 38801
2022-10-11 18:29:26.913 [main] INFO  com.alibaba.nacos.client.config.impl.LocalConfigInfoProcessor - LOCAL_SNAPSHOT_PATH:C:\Users\Administrator\nacos\config
2022-10-11 18:29:27.021 [main] INFO  com.alibaba.nacos.client.config.impl.Limiter - limitTime:5.0
2022-10-11 18:29:27.081 [main] INFO  com.alibaba.nacos.client.config.utils.JVMUtil - isMultiInstance:false
2022-10-11 18:29:27.113 [main] INFO  org.springframework.cloud.bootstrap.config.PropertySourceBootstrapConfiguration - Located property source: [BootstrapPropertySource@790538253 {name='bootstrapProperties-design-dev.yml,DEFAULT_GROUP', properties={}}, BootstrapPropertySource@924393200 {name='bootstrapProperties-design.yml,DEFAULT_GROUP', properties={}}, BootstrapPropertySource@253380088 {name='bootstrapProperties-design,DEFAULT_GROUP', properties={schedule.monitor-server.cron=0 */2 * * * ?}}]
2022-10-11 18:29:27.174 [main] INFO  top.anets.DesignApplication - The following profiles are active: dev
2022-10-11 18:29:29.519 [main] INFO  org.springframework.data.repository.config.RepositoryConfigurationDelegate - Multiple Spring Data modules found, entering strict repository configuration mode!
2022-10-11 18:29:29.525 [main] INFO  org.springframework.data.repository.config.RepositoryConfigurationDelegate - Bootstrapping Spring Data Redis repositories in DEFAULT mode.
2022-10-11 18:29:29.663 [main] INFO  org.springframework.data.repository.config.RepositoryConfigurationDelegate - Finished Spring Data repository scanning in 77ms. Found 0 Redis repository interfaces.
2022-10-11 18:29:30.361 [main] INFO  org.springframework.cloud.context.scope.GenericScope - BeanFactory id=507c6b3d-ab42-32fd-bb70-f61a92c5ced1
2022-10-11 18:29:31.867 [main] INFO  org.springframework.boot.web.embedded.tomcat.TomcatWebServer - Tomcat initialized with port(s): 1399 (http)
2022-10-11 18:29:31.886 [main] INFO  org.apache.coyote.http11.Http11NioProtocol - Initializing ProtocolHandler ["http-nio-1399"]
2022-10-11 18:29:31.888 [main] INFO  org.apache.catalina.core.StandardService - Starting service [Tomcat]
2022-10-11 18:29:31.889 [main] INFO  org.apache.catalina.core.StandardEngine - Starting Servlet engine: [Apache Tomcat/9.0.37]
2022-10-11 18:29:32.270 [main] INFO  org.apache.catalina.core.ContainerBase.[Tomcat].[localhost].[/] - Initializing Spring embedded WebApplicationContext
2022-10-11 18:29:32.270 [main] INFO  org.springframework.boot.web.servlet.context.ServletWebServerApplicationContext - Root WebApplicationContext: initialization completed in 5066 ms
2022-10-11 18:29:33.087 [main] INFO  org.apache.catalina.core.StandardService - Stopping service [Tomcat]
2022-10-11 18:31:00.552 [main] INFO  top.anets.DesignApplication - Starting DesignApplication using Java 1.8.0_191 on WIN-3DFGP6SS4I1 with PID 15136 (D:\1Anets.top\code\design\target\classes started by Administrator in D:\1Anets.top\code\design)
2022-10-11 18:31:00.560 [main] INFO  top.anets.DesignApplication - No active profile set, falling back to 1 default profile: "default"
2022-10-11 18:31:02.538 [main] INFO  org.springframework.data.repository.config.RepositoryConfigurationDelegate - Multiple Spring Data modules found, entering strict repository configuration mode!
2022-10-11 18:31:02.542 [main] INFO  org.springframework.data.repository.config.RepositoryConfigurationDelegate - Bootstrapping Spring Data Redis repositories in DEFAULT mode.
2022-10-11 18:31:02.624 [main] INFO  org.springframework.data.repository.config.RepositoryConfigurationDelegate - Finished Spring Data repository scanning in 52 ms. Found 0 Redis repository interfaces.
2022-10-11 18:31:04.175 [main] INFO  org.springframework.boot.web.embedded.tomcat.TomcatWebServer - Tomcat initialized with port(s): 1399 (http)
2022-10-11 18:31:04.195 [main] INFO  org.apache.coyote.http11.Http11NioProtocol - Initializing ProtocolHandler ["http-nio-1399"]
2022-10-11 18:31:04.196 [main] INFO  org.apache.catalina.core.StandardService - Starting service [Tomcat]
2022-10-11 18:31:04.197 [main] INFO  org.apache.catalina.core.StandardEngine - Starting Servlet engine: [Apache Tomcat/9.0.58]
2022-10-11 18:31:04.624 [main] INFO  org.apache.catalina.core.ContainerBase.[Tomcat].[localhost].[/] - Initializing Spring embedded WebApplicationContext
2022-10-11 18:31:04.624 [main] INFO  org.springframework.boot.web.servlet.context.ServletWebServerApplicationContext - Root WebApplicationContext: initialization completed in 3564 ms
2022-10-11 18:31:12.142 [main] INFO  org.apache.catalina.core.StandardService - Stopping service [Tomcat]
