2022-09-16 15:53:48.317 [main] INFO  top.anets.DesignApplication - Starting DesignApplication using Java 1.8.0_191 on WIN-3DFGP6SS4I1 with PID 19380 (D:\1Anets.top\code\design\target\classes started by Administrator in D:\1Anets.top\code\design)
2022-09-16 15:53:48.322 [main] INFO  top.anets.DesignApplication - No active profile set, falling back to 1 default profile: "default"
2022-09-16 15:53:50.901 [main] INFO  org.springframework.data.repository.config.RepositoryConfigurationDelegate - Multiple Spring Data modules found, entering strict repository configuration mode!
2022-09-16 15:53:50.905 [main] INFO  org.springframework.data.repository.config.RepositoryConfigurationDelegate - Bootstrapping Spring Data Redis repositories in DEFAULT mode.
2022-09-16 15:53:51.034 [main] INFO  org.springframework.data.repository.config.RepositoryConfigurationDelegate - Finished Spring Data repository scanning in 34 ms. Found 0 Redis repository interfaces.
2022-09-16 15:53:52.850 [main] INFO  org.springframework.boot.web.embedded.tomcat.TomcatWebServer - Tomcat initialized with port(s): 1399 (http)
2022-09-16 15:53:52.913 [main] INFO  org.apache.coyote.http11.Http11NioProtocol - Initializing ProtocolHandler ["http-nio-1399"]
2022-09-16 15:53:52.914 [main] INFO  org.apache.catalina.core.StandardService - Starting service [Tomcat]
2022-09-16 15:53:52.914 [main] INFO  org.apache.catalina.core.StandardEngine - Starting Servlet engine: [Apache Tomcat/9.0.58]
2022-09-16 15:53:53.198 [main] INFO  org.apache.catalina.core.ContainerBase.[Tomcat].[localhost].[/] - Initializing Spring embedded WebApplicationContext
2022-09-16 15:53:53.198 [main] INFO  org.springframework.boot.web.servlet.context.ServletWebServerApplicationContext - Root WebApplicationContext: initialization completed in 4353 ms
2022-09-16 15:54:05.771 [main] INFO  org.apache.coyote.http11.Http11NioProtocol - Starting ProtocolHandler ["http-nio-1399"]
2022-09-16 15:54:05.813 [main] INFO  org.springframework.boot.web.embedded.tomcat.TomcatWebServer - Tomcat started on port(s): 1399 (http) with context path ''
2022-09-16 15:54:05.818 [main] INFO  org.springframework.amqp.rabbit.connection.CachingConnectionFactory - Attempting to connect to: [localhost:5672]
2022-09-16 15:54:06.173 [main] INFO  org.springframework.amqp.rabbit.connection.CachingConnectionFactory - Created new connection: rabbitConnectionFactory#11dcd42c:0/SimpleConnection@6598caab [delegate=amqp://guest@127.0.0.1:5672/, localPort= 2722]
2022-09-16 15:54:06.456 [main] INFO  top.anets.DesignApplication - Started DesignApplication in 19.493 seconds (JVM running for 24.687)
2022-09-16 15:54:38.183 [http-nio-1399-exec-1] INFO  org.apache.tomcat.util.http.parser.Cookie - A cookie header was received [Hm_lvt_7174bade1219f9cc272e7978f9523fc8=1659596980,1659950445;] that contained an invalid cookie. That cookie will be ignored.
 Note: further occurrences of this error will be logged at DEBUG level.
2022-09-16 15:54:38.197 [http-nio-1399-exec-1] INFO  org.apache.catalina.core.ContainerBase.[Tomcat].[localhost].[/] - Initializing Spring DispatcherServlet 'dispatcherServlet'
2022-09-16 15:54:38.198 [http-nio-1399-exec-1] INFO  org.springframework.web.servlet.DispatcherServlet - Initializing Servlet 'dispatcherServlet'
2022-09-16 15:54:38.202 [http-nio-1399-exec-1] INFO  org.springframework.web.servlet.DispatcherServlet - Completed initialization in 4 ms
2022-09-16 16:14:47.511 [main] INFO  top.anets.DesignApplication - Starting DesignApplication using Java 1.8.0_191 on WIN-3DFGP6SS4I1 with PID 21360 (D:\1Anets.top\code\design\target\classes started by Administrator in D:\1Anets.top\code\design)
2022-09-16 16:14:47.525 [main] INFO  top.anets.DesignApplication - No active profile set, falling back to 1 default profile: "default"
2022-09-16 16:14:50.509 [main] INFO  org.springframework.data.repository.config.RepositoryConfigurationDelegate - Multiple Spring Data modules found, entering strict repository configuration mode!
2022-09-16 16:14:50.513 [main] INFO  org.springframework.data.repository.config.RepositoryConfigurationDelegate - Bootstrapping Spring Data Redis repositories in DEFAULT mode.
2022-09-16 16:14:50.573 [main] INFO  org.springframework.data.repository.config.RepositoryConfigurationDelegate - Finished Spring Data repository scanning in 32 ms. Found 0 Redis repository interfaces.
2022-09-16 16:14:52.637 [main] INFO  org.springframework.boot.web.embedded.tomcat.TomcatWebServer - Tomcat initialized with port(s): 1399 (http)
2022-09-16 16:14:52.664 [main] INFO  org.apache.coyote.http11.Http11NioProtocol - Initializing ProtocolHandler ["http-nio-1399"]
2022-09-16 16:14:52.666 [main] INFO  org.apache.catalina.core.StandardService - Starting service [Tomcat]
2022-09-16 16:14:52.666 [main] INFO  org.apache.catalina.core.StandardEngine - Starting Servlet engine: [Apache Tomcat/9.0.58]
2022-09-16 16:14:53.220 [main] INFO  org.apache.catalina.core.ContainerBase.[Tomcat].[localhost].[/] - Initializing Spring embedded WebApplicationContext
2022-09-16 16:14:53.221 [main] INFO  org.springframework.boot.web.servlet.context.ServletWebServerApplicationContext - Root WebApplicationContext: initialization completed in 5003 ms
2022-09-16 16:15:06.568 [main] INFO  org.apache.coyote.http11.Http11NioProtocol - Starting ProtocolHandler ["http-nio-1399"]
2022-09-16 16:15:06.601 [main] INFO  org.springframework.boot.web.embedded.tomcat.TomcatWebServer - Tomcat started on port(s): 1399 (http) with context path ''
2022-09-16 16:15:06.607 [main] INFO  org.springframework.amqp.rabbit.connection.CachingConnectionFactory - Attempting to connect to: [localhost:5672]
2022-09-16 16:15:06.704 [main] INFO  org.springframework.amqp.rabbit.connection.CachingConnectionFactory - Created new connection: rabbitConnectionFactory#70139a81:0/SimpleConnection@7bd694a5 [delegate=amqp://guest@127.0.0.1:5672/, localPort= 6678]
2022-09-16 16:15:06.874 [main] INFO  top.anets.DesignApplication - Started DesignApplication in 21.275 seconds (JVM running for 26.176)
2022-09-16 16:16:49.746 [main] INFO  top.anets.DesignApplication - Starting DesignApplication using Java 1.8.0_191 on WIN-3DFGP6SS4I1 with PID 16032 (D:\1Anets.top\code\design\target\classes started by Administrator in D:\1Anets.top\code\design)
2022-09-16 16:16:49.754 [main] INFO  top.anets.DesignApplication - No active profile set, falling back to 1 default profile: "default"
2022-09-16 16:16:52.053 [main] INFO  org.springframework.data.repository.config.RepositoryConfigurationDelegate - Multiple Spring Data modules found, entering strict repository configuration mode!
2022-09-16 16:16:52.056 [main] INFO  org.springframework.data.repository.config.RepositoryConfigurationDelegate - Bootstrapping Spring Data Redis repositories in DEFAULT mode.
2022-09-16 16:16:52.129 [main] INFO  org.springframework.data.repository.config.RepositoryConfigurationDelegate - Finished Spring Data repository scanning in 41 ms. Found 0 Redis repository interfaces.
2022-09-16 16:16:54.382 [main] INFO  org.springframework.boot.web.embedded.tomcat.TomcatWebServer - Tomcat initialized with port(s): 1399 (http)
2022-09-16 16:16:54.413 [main] INFO  org.apache.coyote.http11.Http11NioProtocol - Initializing ProtocolHandler ["http-nio-1399"]
2022-09-16 16:16:54.415 [main] INFO  org.apache.catalina.core.StandardService - Starting service [Tomcat]
2022-09-16 16:16:54.415 [main] INFO  org.apache.catalina.core.StandardEngine - Starting Servlet engine: [Apache Tomcat/9.0.58]
2022-09-16 16:16:54.794 [main] INFO  org.apache.catalina.core.ContainerBase.[Tomcat].[localhost].[/] - Initializing Spring embedded WebApplicationContext
2022-09-16 16:16:54.795 [main] INFO  org.springframework.boot.web.servlet.context.ServletWebServerApplicationContext - Root WebApplicationContext: initialization completed in 4431 ms
2022-09-16 16:17:05.204 [main] INFO  org.apache.coyote.http11.Http11NioProtocol - Starting ProtocolHandler ["http-nio-1399"]
2022-09-16 16:17:05.230 [main] INFO  org.springframework.boot.web.embedded.tomcat.TomcatWebServer - Tomcat started on port(s): 1399 (http) with context path ''
2022-09-16 16:17:05.235 [main] INFO  org.springframework.amqp.rabbit.connection.CachingConnectionFactory - Attempting to connect to: [localhost:5672]
2022-09-16 16:17:05.317 [main] INFO  org.springframework.amqp.rabbit.connection.CachingConnectionFactory - Created new connection: rabbitConnectionFactory#3c6bd624:0/SimpleConnection@5296f00c [delegate=amqp://guest@127.0.0.1:5672/, localPort= 7110]
2022-09-16 16:17:05.434 [main] INFO  top.anets.DesignApplication - Started DesignApplication in 18.027 seconds (JVM running for 22.812)
2022-09-16 16:17:51.918 [http-nio-1399-exec-1] INFO  org.apache.catalina.core.ContainerBase.[Tomcat].[localhost].[/] - Initializing Spring DispatcherServlet 'dispatcherServlet'
2022-09-16 16:17:51.919 [http-nio-1399-exec-1] INFO  org.springframework.web.servlet.DispatcherServlet - Initializing Servlet 'dispatcherServlet'
2022-09-16 16:17:51.925 [http-nio-1399-exec-1] INFO  org.springframework.web.servlet.DispatcherServlet - Completed initialization in 6 ms
2022-09-16 16:20:02.397 [main] INFO  top.anets.DesignApplication - Starting DesignApplication using Java 1.8.0_191 on WIN-3DFGP6SS4I1 with PID 21396 (D:\1Anets.top\code\design\target\classes started by Administrator in D:\1Anets.top\code\design)
2022-09-16 16:20:02.413 [main] INFO  top.anets.DesignApplication - No active profile set, falling back to 1 default profile: "default"
2022-09-16 16:20:06.550 [main] INFO  org.springframework.data.repository.config.RepositoryConfigurationDelegate - Multiple Spring Data modules found, entering strict repository configuration mode!
2022-09-16 16:20:06.553 [main] INFO  org.springframework.data.repository.config.RepositoryConfigurationDelegate - Bootstrapping Spring Data Redis repositories in DEFAULT mode.
2022-09-16 16:20:06.639 [main] INFO  org.springframework.data.repository.config.RepositoryConfigurationDelegate - Finished Spring Data repository scanning in 52 ms. Found 0 Redis repository interfaces.
2022-09-16 16:20:08.522 [main] INFO  org.springframework.boot.web.embedded.tomcat.TomcatWebServer - Tomcat initialized with port(s): 1399 (http)
2022-09-16 16:20:08.544 [main] INFO  org.apache.coyote.http11.Http11NioProtocol - Initializing ProtocolHandler ["http-nio-1399"]
2022-09-16 16:20:08.546 [main] INFO  org.apache.catalina.core.StandardService - Starting service [Tomcat]
2022-09-16 16:20:08.547 [main] INFO  org.apache.catalina.core.StandardEngine - Starting Servlet engine: [Apache Tomcat/9.0.58]
2022-09-16 16:20:08.958 [main] INFO  org.apache.catalina.core.ContainerBase.[Tomcat].[localhost].[/] - Initializing Spring embedded WebApplicationContext
2022-09-16 16:20:08.958 [main] INFO  org.springframework.boot.web.servlet.context.ServletWebServerApplicationContext - Root WebApplicationContext: initialization completed in 4895 ms
2022-09-16 16:20:19.684 [main] INFO  org.apache.coyote.http11.Http11NioProtocol - Starting ProtocolHandler ["http-nio-1399"]
2022-09-16 16:20:19.709 [main] INFO  org.springframework.boot.web.embedded.tomcat.TomcatWebServer - Tomcat started on port(s): 1399 (http) with context path ''
2022-09-16 16:20:19.714 [main] INFO  org.springframework.amqp.rabbit.connection.CachingConnectionFactory - Attempting to connect to: [localhost:5672]
2022-09-16 16:20:19.808 [main] INFO  org.springframework.amqp.rabbit.connection.CachingConnectionFactory - Created new connection: rabbitConnectionFactory#29d2fa84:0/SimpleConnection@65930e02 [delegate=amqp://guest@127.0.0.1:5672/, localPort= 7831]
2022-09-16 16:20:19.926 [main] INFO  top.anets.DesignApplication - Started DesignApplication in 20.365 seconds (JVM running for 26.025)
2022-09-16 16:20:51.742 [http-nio-1399-exec-1] INFO  org.apache.catalina.core.ContainerBase.[Tomcat].[localhost].[/] - Initializing Spring DispatcherServlet 'dispatcherServlet'
2022-09-16 16:20:51.742 [http-nio-1399-exec-1] INFO  org.springframework.web.servlet.DispatcherServlet - Initializing Servlet 'dispatcherServlet'
2022-09-16 16:20:51.744 [http-nio-1399-exec-1] INFO  org.springframework.web.servlet.DispatcherServlet - Completed initialization in 1 ms
